<html>
<head>
<title>TestNG:  NonClinical_Process</title>
<link href="../testng.css" rel="stylesheet" type="text/css" />
<link href="../my-testng.css" rel="stylesheet" type="text/css" />

<style type="text/css">
.log { display: none;} 
.stack-trace { display: none;} 
</style>
<script type="text/javascript">
<!--
function flip(e) {
  current = e.style.display;
  if (current == 'block') {
    e.style.display = 'none';
    return 0;
  }
  else {
    e.style.display = 'block';
    return 1;
  }
}

function toggleBox(szDivId, elem, msg1, msg2)
{
  var res = -1;  if (document.getElementById) {
    res = flip(document.getElementById(szDivId));
  }
  else if (document.all) {
    // this is the way old msie versions work
    res = flip(document.all[szDivId]);
  }
  if(elem) {
    if(res == 0) elem.innerHTML = msg1; else elem.innerHTML = msg2;
  }

}

function toggleAllBoxes() {
  if (document.getElementsByTagName) {
    d = document.getElementsByTagName('div');
    for (i = 0; i < d.length; i++) {
      if (d[i].className == 'log') {
        flip(d[i]);
      }
    }
  }
}

// -->
</script>

</head>
<body>
<h2 align='center'>NonClinical_Process</h2><table border='1' align="center">
<tr>
<td>Tests passed/Failed/Skipped:</td><td>19/2/0</td>
</tr><tr>
<td>Started on:</td><td>Sat Nov 18 10:54:56 IST 2023</td>
</tr>
<tr><td>Total time:</td><td>1462 seconds (1462502 ms)</td>
</tr><tr>
<td>Included groups:</td><td></td>
</tr><tr>
<td>Excluded groups:</td><td></td>
</tr>
</table><p/>
<small><i>(Hover the method name to see the test class name)</i></small><p/>
<table width='100%' border='1' class='invocation-failed'>
<tr><td colspan='4' align='center'><b>FAILED TESTS</b></td></tr>
<tr><td><b>Test method</b></td>
<td width="30%"><b>Exception</b></td>
<td width="10%"><b>Time (seconds)</b></td>
<td><b>Instance</b></td>
</tr>
<tr>
<td title='Testcases_US.US_NonClinical_Reg.SubmitCandAndReq()'><b>SubmitCandAndReq</b><br>Test class: Testcases_US.US_NonClinical_Reg<br>Parameters: testData<br/>
<a href="#Output-1821581506" onClick='toggleBox("Output-1821581506", this, "Show output", "Hide output");'>Show output</a>

<a href="#Output-1821581506" onClick="toggleAllBoxes();">Show all outputs</a>
<div class='log' id="Output-1821581506">
<a href='C:\Users\Bindhu\eclipse-workspace\CPX_Framework\ScreenShots\failure_screenshots\SubmitCandAndReq_18-11-2023_10-57-21.png'> <img src='C:\Users\Bindhu\eclipse-workspace\CPX_Framework\ScreenShots\failure_screenshots\SubmitCandAndReq_18-11-2023_10-57-21.png' height='100' width='100'/> </a><br/>
</div>
</td>
<td><div><pre>org.openqa.selenium.NoSuchElementException: no such element: Unable to locate element: {&quot;method&quot;:&quot;xpath&quot;,&quot;selector&quot;:&quot;//button[contains(text(),&apos;Close&apos;)]&quot;}
  (Session info: chrome=119.0.6045.125)
For documentation on this error, please visit: https://www.seleniumhq.org/exceptions/no_such_element.html
Build info: version: &apos;3.141.59&apos;, revision: &apos;e82be7d358&apos;, time: &apos;2018-11-14T08:17:03&apos;
System info: host: &apos;DESKTOP-RRGPARO&apos;, ip: &apos;192.168.11.15&apos;, os.name: &apos;Windows 11&apos;, os.arch: &apos;amd64&apos;, os.version: &apos;10.0&apos;, java.version: &apos;20.0.1&apos;
Driver info: org.openqa.selenium.chrome.ChromeDriver
Capabilities {acceptInsecureCerts: false, browserName: chrome, browserVersion: 119.0.6045.125, chrome: {chromedriverVersion: 119.0.6045.105 (38c72552c5e..., userDataDir: C:\Users\Bindhu\AppData\Loc...}, fedcm:accounts: true, goog:chromeOptions: {debuggerAddress: localhost:53617}, javascriptEnabled: true, networkConnectionEnabled: false, pageLoadStrategy: normal, platform: WINDOWS, platformName: WINDOWS, proxy: Proxy(), setWindowRect: true, strictFileInteractability: false, timeouts: {implicit: 0, pageLoad: 300000, script: 30000}, unhandledPromptBehavior: dismiss and notify, webauthn:extension:credBlob: true, webauthn:extension:largeBlob: true, webauthn:extension:minPinLength: true, webauthn:extension:prf: true, webauthn:virtualAuthenticators: true}
Session ID: a6176c72de7f33bad866c031fcac12d0
*** Element info: {Using=xpath, value=//button[contains(text(),&apos;Close&apos;)]}
	at org.openqa.selenium.remote.http.W3CHttpResponseCodec.createException(W3CHttpResponseCodec.java:187)
	at org.openqa.selenium.remote.http.W3CHttpResponseCodec.decode(W3CHttpResponseCodec.java:122)
	at org.openqa.selenium.remote.http.W3CHttpResponseCodec.decode(W3CHttpResponseCodec.java:49)
	at org.openqa.selenium.remote.HttpCommandExecutor.execute(HttpCommandExecutor.java:158)
	at org.openqa.selenium.remote.service.DriverCommandExecutor.execute(DriverCommandExecutor.java:83)
	at org.openqa.selenium.remote.RemoteWebDriver.execute(RemoteWebDriver.java:552)
	at org.openqa.selenium.remote.RemoteWebDriver.findElement(RemoteWebDriver.java:323)
	at org.openqa.selenium.remote.RemoteWebDriver.findElementByXPath(RemoteWebDriver.java:428)
	at org.openqa.selenium.By$ByXPath.findElement(By.java:353)
	at org.openqa.selenium.remote.RemoteWebDriver.findElement(RemoteWebDriver.java:315)
	at org.openqa.selenium.support.pagefactory.DefaultElementLocator.findElement(DefaultElementLocator.java:69)
	at org.openqa.selenium.support.pagefactory.internal.LocatingElementHandler.invoke(LocatingElementHandler.java:38)
	at jdk.proxy2/jdk.proxy2.$Proxy14.click(Unknown Source)
	at Page_Objects.Submit_CandidateandRequirement.Submit_Requirement(Submit_CandidateandRequirement.java:123)
	at Testcases_US.US_NonClinical_Reg.SubmitCandAndReq(US_NonClinical_Reg.java:102)
	at java.base/java.util.ArrayList.forEach(ArrayList.java:1511)
... Removed 28 stack frames</pre></div><a href='#' onClick='toggleBox("stack-trace1821581506", this, "Click to show all stack frames", "Click to hide stack frames")'>Click to show all stack frames</a>
<div class='stack-trace' id='stack-trace1821581506'><pre>org.openqa.selenium.NoSuchElementException: no such element: Unable to locate element: {&quot;method&quot;:&quot;xpath&quot;,&quot;selector&quot;:&quot;//button[contains(text(),&apos;Close&apos;)]&quot;}
  (Session info: chrome=119.0.6045.125)
For documentation on this error, please visit: https://www.seleniumhq.org/exceptions/no_such_element.html
Build info: version: &apos;3.141.59&apos;, revision: &apos;e82be7d358&apos;, time: &apos;2018-11-14T08:17:03&apos;
System info: host: &apos;DESKTOP-RRGPARO&apos;, ip: &apos;192.168.11.15&apos;, os.name: &apos;Windows 11&apos;, os.arch: &apos;amd64&apos;, os.version: &apos;10.0&apos;, java.version: &apos;20.0.1&apos;
Driver info: org.openqa.selenium.chrome.ChromeDriver
Capabilities {acceptInsecureCerts: false, browserName: chrome, browserVersion: 119.0.6045.125, chrome: {chromedriverVersion: 119.0.6045.105 (38c72552c5e..., userDataDir: C:\Users\Bindhu\AppData\Loc...}, fedcm:accounts: true, goog:chromeOptions: {debuggerAddress: localhost:53617}, javascriptEnabled: true, networkConnectionEnabled: false, pageLoadStrategy: normal, platform: WINDOWS, platformName: WINDOWS, proxy: Proxy(), setWindowRect: true, strictFileInteractability: false, timeouts: {implicit: 0, pageLoad: 300000, script: 30000}, unhandledPromptBehavior: dismiss and notify, webauthn:extension:credBlob: true, webauthn:extension:largeBlob: true, webauthn:extension:minPinLength: true, webauthn:extension:prf: true, webauthn:virtualAuthenticators: true}
Session ID: a6176c72de7f33bad866c031fcac12d0
*** Element info: {Using=xpath, value=//button[contains(text(),&apos;Close&apos;)]}
	at java.base/jdk.internal.reflect.DirectConstructorHandleAccessor.newInstance(DirectConstructorHandleAccessor.java:67)
	at java.base/java.lang.reflect.Constructor.newInstanceWithCaller(Constructor.java:500)
	at java.base/java.lang.reflect.Constructor.newInstance(Constructor.java:484)
	at org.openqa.selenium.remote.http.W3CHttpResponseCodec.createException(W3CHttpResponseCodec.java:187)
	at org.openqa.selenium.remote.http.W3CHttpResponseCodec.decode(W3CHttpResponseCodec.java:122)
	at org.openqa.selenium.remote.http.W3CHttpResponseCodec.decode(W3CHttpResponseCodec.java:49)
	at org.openqa.selenium.remote.HttpCommandExecutor.execute(HttpCommandExecutor.java:158)
	at org.openqa.selenium.remote.service.DriverCommandExecutor.execute(DriverCommandExecutor.java:83)
	at org.openqa.selenium.remote.RemoteWebDriver.execute(RemoteWebDriver.java:552)
	at org.openqa.selenium.remote.RemoteWebDriver.findElement(RemoteWebDriver.java:323)
	at org.openqa.selenium.remote.RemoteWebDriver.findElementByXPath(RemoteWebDriver.java:428)
	at org.openqa.selenium.By$ByXPath.findElement(By.java:353)
	at org.openqa.selenium.remote.RemoteWebDriver.findElement(RemoteWebDriver.java:315)
	at org.openqa.selenium.support.pagefactory.DefaultElementLocator.findElement(DefaultElementLocator.java:69)
	at org.openqa.selenium.support.pagefactory.internal.LocatingElementHandler.invoke(LocatingElementHandler.java:38)
	at jdk.proxy2/jdk.proxy2.$Proxy14.click(Unknown Source)
	at Page_Objects.Submit_CandidateandRequirement.Submit_Requirement(Submit_CandidateandRequirement.java:123)
	at Testcases_US.US_NonClinical_Reg.SubmitCandAndReq(US_NonClinical_Reg.java:102)
	at java.base/jdk.internal.reflect.DirectMethodHandleAccessor.invoke(DirectMethodHandleAccessor.java:104)
	at java.base/java.lang.reflect.Method.invoke(Method.java:578)
	at org.testng.internal.MethodInvocationHelper.invokeMethod(MethodInvocationHelper.java:133)
	at org.testng.internal.TestInvoker.invokeMethod(TestInvoker.java:598)
	at org.testng.internal.TestInvoker.invokeTestMethod(TestInvoker.java:173)
	at org.testng.internal.MethodRunner.runInSequence(MethodRunner.java:46)
	at org.testng.internal.TestInvoker$MethodInvocationAgent.invoke(TestInvoker.java:824)
	at org.testng.internal.TestInvoker.invokeTestMethods(TestInvoker.java:146)
	at org.testng.internal.TestMethodWorker.invokeTestMethods(TestMethodWorker.java:146)
	at org.testng.internal.TestMethodWorker.run(TestMethodWorker.java:128)
	at java.base/java.util.ArrayList.forEach(ArrayList.java:1511)
	at org.testng.TestRunner.privateRun(TestRunner.java:794)
	at org.testng.TestRunner.run(TestRunner.java:596)
	at org.testng.SuiteRunner.runTest(SuiteRunner.java:377)
	at org.testng.SuiteRunner.runSequentially(SuiteRunner.java:371)
	at org.testng.SuiteRunner.privateRun(SuiteRunner.java:332)
	at org.testng.SuiteRunner.run(SuiteRunner.java:276)
	at org.testng.SuiteRunnerWorker.runSuite(SuiteRunnerWorker.java:53)
	at org.testng.SuiteRunnerWorker.run(SuiteRunnerWorker.java:96)
	at org.testng.TestNG.runSuitesSequentially(TestNG.java:1212)
	at org.testng.TestNG.runSuitesLocally(TestNG.java:1134)
	at org.testng.TestNG.runSuites(TestNG.java:1063)
	at org.testng.TestNG.run(TestNG.java:1031)
	at org.testng.remote.AbstractRemoteTestNG.run(AbstractRemoteTestNG.java:115)
	at org.testng.remote.RemoteTestNG.initAndRun(RemoteTestNG.java:251)
	at org.testng.remote.RemoteTestNG.main(RemoteTestNG.java:77)
</pre></div></td>
<td>62</td>
<td>Testcases_US.US_NonClinical_Reg@6dc17b83</td></tr>
<tr>
<td title='Testcases_US.US_NonClinical_Reg.Regular_InvoiceApproval()'><b>Regular_InvoiceApproval</b><br>Test class: Testcases_US.US_NonClinical_Reg<br>Parameters: testData<br/>
<a href="#Output-1334085871" onClick='toggleBox("Output-1334085871", this, "Show output", "Hide output");'>Show output</a>

<a href="#Output-1334085871" onClick="toggleAllBoxes();">Show all outputs</a>
<div class='log' id="Output-1334085871">
<a href='C:\Users\Bindhu\eclipse-workspace\CPX_Framework\ScreenShots\failure_screenshots\Regular_InvoiceApproval_18-11-2023_11-17-49.png'> <img src='C:\Users\Bindhu\eclipse-workspace\CPX_Framework\ScreenShots\failure_screenshots\Regular_InvoiceApproval_18-11-2023_11-17-49.png' height='100' width='100'/> </a><br/>
</div>
</td>
<td><div><pre>org.openqa.selenium.NoSuchElementException: no such element: Unable to locate element: {&quot;method&quot;:&quot;xpath&quot;,&quot;selector&quot;:&quot;//*[@id=&apos;cpxPopDiv1&apos;]//tbody/tr/td/div/button&quot;}
  (Session info: chrome=119.0.6045.125)
For documentation on this error, please visit: https://www.seleniumhq.org/exceptions/no_such_element.html
Build info: version: &apos;3.141.59&apos;, revision: &apos;e82be7d358&apos;, time: &apos;2018-11-14T08:17:03&apos;
System info: host: &apos;DESKTOP-RRGPARO&apos;, ip: &apos;192.168.11.15&apos;, os.name: &apos;Windows 11&apos;, os.arch: &apos;amd64&apos;, os.version: &apos;10.0&apos;, java.version: &apos;20.0.1&apos;
Driver info: org.openqa.selenium.chrome.ChromeDriver
Capabilities {acceptInsecureCerts: false, browserName: chrome, browserVersion: 119.0.6045.125, chrome: {chromedriverVersion: 119.0.6045.105 (38c72552c5e..., userDataDir: C:\Users\Bindhu\AppData\Loc...}, fedcm:accounts: true, goog:chromeOptions: {debuggerAddress: localhost:53617}, javascriptEnabled: true, networkConnectionEnabled: false, pageLoadStrategy: normal, platform: WINDOWS, platformName: WINDOWS, proxy: Proxy(), setWindowRect: true, strictFileInteractability: false, timeouts: {implicit: 0, pageLoad: 300000, script: 30000}, unhandledPromptBehavior: dismiss and notify, webauthn:extension:credBlob: true, webauthn:extension:largeBlob: true, webauthn:extension:minPinLength: true, webauthn:extension:prf: true, webauthn:virtualAuthenticators: true}
Session ID: a6176c72de7f33bad866c031fcac12d0
*** Element info: {Using=xpath, value=//*[@id=&apos;cpxPopDiv1&apos;]//tbody/tr/td/div/button}
	at org.openqa.selenium.remote.http.W3CHttpResponseCodec.createException(W3CHttpResponseCodec.java:187)
	at org.openqa.selenium.remote.http.W3CHttpResponseCodec.decode(W3CHttpResponseCodec.java:122)
	at org.openqa.selenium.remote.http.W3CHttpResponseCodec.decode(W3CHttpResponseCodec.java:49)
	at org.openqa.selenium.remote.HttpCommandExecutor.execute(HttpCommandExecutor.java:158)
	at org.openqa.selenium.remote.service.DriverCommandExecutor.execute(DriverCommandExecutor.java:83)
	at org.openqa.selenium.remote.RemoteWebDriver.execute(RemoteWebDriver.java:552)
	at org.openqa.selenium.remote.RemoteWebDriver.findElement(RemoteWebDriver.java:323)
	at org.openqa.selenium.remote.RemoteWebDriver.findElementByXPath(RemoteWebDriver.java:428)
	at org.openqa.selenium.By$ByXPath.findElement(By.java:353)
	at org.openqa.selenium.remote.RemoteWebDriver.findElement(RemoteWebDriver.java:315)
	at org.openqa.selenium.support.pagefactory.DefaultElementLocator.findElement(DefaultElementLocator.java:69)
	at org.openqa.selenium.support.pagefactory.internal.LocatingElementHandler.invoke(LocatingElementHandler.java:38)
	at jdk.proxy2/jdk.proxy2.$Proxy14.getWrappedElement(Unknown Source)
	at org.openqa.selenium.remote.internal.WebElementToJsonConverter.apply(WebElementToJsonConverter.java:50)
	at java.base/java.util.stream.ReferencePipeline$3$1.accept(ReferencePipeline.java:197)
	at java.base/java.util.Spliterators$ArraySpliterator.forEachRemaining(Spliterators.java:1006)
	at java.base/java.util.stream.AbstractPipeline.copyInto(AbstractPipeline.java:509)
	at java.base/java.util.stream.AbstractPipeline.wrapAndCopyInto(AbstractPipeline.java:499)
	at java.base/java.util.stream.ReduceOps$ReduceOp.evaluateSequential(ReduceOps.java:921)
	at java.base/java.util.stream.AbstractPipeline.evaluate(AbstractPipeline.java:234)
	at java.base/java.util.stream.ReferencePipeline.collect(ReferencePipeline.java:682)
	at org.openqa.selenium.remote.RemoteWebDriver.executeScript(RemoteWebDriver.java:484)
	at Page_Objects.Regular_Invoice.RegInvoice_Approval(Regular_Invoice.java:140)
	at Testcases_US.US_NonClinical_Reg.Regular_InvoiceApproval(US_NonClinical_Reg.java:235)
	at java.base/java.util.ArrayList.forEach(ArrayList.java:1511)
... Removed 28 stack frames</pre></div><a href='#' onClick='toggleBox("stack-trace1334085871", this, "Click to show all stack frames", "Click to hide stack frames")'>Click to show all stack frames</a>
<div class='stack-trace' id='stack-trace1334085871'><pre>org.openqa.selenium.NoSuchElementException: no such element: Unable to locate element: {&quot;method&quot;:&quot;xpath&quot;,&quot;selector&quot;:&quot;//*[@id=&apos;cpxPopDiv1&apos;]//tbody/tr/td/div/button&quot;}
  (Session info: chrome=119.0.6045.125)
For documentation on this error, please visit: https://www.seleniumhq.org/exceptions/no_such_element.html
Build info: version: &apos;3.141.59&apos;, revision: &apos;e82be7d358&apos;, time: &apos;2018-11-14T08:17:03&apos;
System info: host: &apos;DESKTOP-RRGPARO&apos;, ip: &apos;192.168.11.15&apos;, os.name: &apos;Windows 11&apos;, os.arch: &apos;amd64&apos;, os.version: &apos;10.0&apos;, java.version: &apos;20.0.1&apos;
Driver info: org.openqa.selenium.chrome.ChromeDriver
Capabilities {acceptInsecureCerts: false, browserName: chrome, browserVersion: 119.0.6045.125, chrome: {chromedriverVersion: 119.0.6045.105 (38c72552c5e..., userDataDir: C:\Users\Bindhu\AppData\Loc...}, fedcm:accounts: true, goog:chromeOptions: {debuggerAddress: localhost:53617}, javascriptEnabled: true, networkConnectionEnabled: false, pageLoadStrategy: normal, platform: WINDOWS, platformName: WINDOWS, proxy: Proxy(), setWindowRect: true, strictFileInteractability: false, timeouts: {implicit: 0, pageLoad: 300000, script: 30000}, unhandledPromptBehavior: dismiss and notify, webauthn:extension:credBlob: true, webauthn:extension:largeBlob: true, webauthn:extension:minPinLength: true, webauthn:extension:prf: true, webauthn:virtualAuthenticators: true}
Session ID: a6176c72de7f33bad866c031fcac12d0
*** Element info: {Using=xpath, value=//*[@id=&apos;cpxPopDiv1&apos;]//tbody/tr/td/div/button}
	at java.base/jdk.internal.reflect.DirectConstructorHandleAccessor.newInstance(DirectConstructorHandleAccessor.java:67)
	at java.base/java.lang.reflect.Constructor.newInstanceWithCaller(Constructor.java:500)
	at java.base/java.lang.reflect.Constructor.newInstance(Constructor.java:484)
	at org.openqa.selenium.remote.http.W3CHttpResponseCodec.createException(W3CHttpResponseCodec.java:187)
	at org.openqa.selenium.remote.http.W3CHttpResponseCodec.decode(W3CHttpResponseCodec.java:122)
	at org.openqa.selenium.remote.http.W3CHttpResponseCodec.decode(W3CHttpResponseCodec.java:49)
	at org.openqa.selenium.remote.HttpCommandExecutor.execute(HttpCommandExecutor.java:158)
	at org.openqa.selenium.remote.service.DriverCommandExecutor.execute(DriverCommandExecutor.java:83)
	at org.openqa.selenium.remote.RemoteWebDriver.execute(RemoteWebDriver.java:552)
	at org.openqa.selenium.remote.RemoteWebDriver.findElement(RemoteWebDriver.java:323)
	at org.openqa.selenium.remote.RemoteWebDriver.findElementByXPath(RemoteWebDriver.java:428)
	at org.openqa.selenium.By$ByXPath.findElement(By.java:353)
	at org.openqa.selenium.remote.RemoteWebDriver.findElement(RemoteWebDriver.java:315)
	at org.openqa.selenium.support.pagefactory.DefaultElementLocator.findElement(DefaultElementLocator.java:69)
	at org.openqa.selenium.support.pagefactory.internal.LocatingElementHandler.invoke(LocatingElementHandler.java:38)
	at jdk.proxy2/jdk.proxy2.$Proxy14.getWrappedElement(Unknown Source)
	at org.openqa.selenium.remote.internal.WebElementToJsonConverter.apply(WebElementToJsonConverter.java:50)
	at java.base/java.util.stream.ReferencePipeline$3$1.accept(ReferencePipeline.java:197)
	at java.base/java.util.Spliterators$ArraySpliterator.forEachRemaining(Spliterators.java:1006)
	at java.base/java.util.stream.AbstractPipeline.copyInto(AbstractPipeline.java:509)
	at java.base/java.util.stream.AbstractPipeline.wrapAndCopyInto(AbstractPipeline.java:499)
	at java.base/java.util.stream.ReduceOps$ReduceOp.evaluateSequential(ReduceOps.java:921)
	at java.base/java.util.stream.AbstractPipeline.evaluate(AbstractPipeline.java:234)
	at java.base/java.util.stream.ReferencePipeline.collect(ReferencePipeline.java:682)
	at org.openqa.selenium.remote.RemoteWebDriver.executeScript(RemoteWebDriver.java:484)
	at Page_Objects.Regular_Invoice.RegInvoice_Approval(Regular_Invoice.java:140)
	at Testcases_US.US_NonClinical_Reg.Regular_InvoiceApproval(US_NonClinical_Reg.java:235)
	at java.base/jdk.internal.reflect.DirectMethodHandleAccessor.invoke(DirectMethodHandleAccessor.java:104)
	at java.base/java.lang.reflect.Method.invoke(Method.java:578)
	at org.testng.internal.MethodInvocationHelper.invokeMethod(MethodInvocationHelper.java:133)
	at org.testng.internal.TestInvoker.invokeMethod(TestInvoker.java:598)
	at org.testng.internal.TestInvoker.invokeTestMethod(TestInvoker.java:173)
	at org.testng.internal.MethodRunner.runInSequence(MethodRunner.java:46)
	at org.testng.internal.TestInvoker$MethodInvocationAgent.invoke(TestInvoker.java:824)
	at org.testng.internal.TestInvoker.invokeTestMethods(TestInvoker.java:146)
	at org.testng.internal.TestMethodWorker.invokeTestMethods(TestMethodWorker.java:146)
	at org.testng.internal.TestMethodWorker.run(TestMethodWorker.java:128)
	at java.base/java.util.ArrayList.forEach(ArrayList.java:1511)
	at org.testng.TestRunner.privateRun(TestRunner.java:794)
	at org.testng.TestRunner.run(TestRunner.java:596)
	at org.testng.SuiteRunner.runTest(SuiteRunner.java:377)
	at org.testng.SuiteRunner.runSequentially(SuiteRunner.java:371)
	at org.testng.SuiteRunner.privateRun(SuiteRunner.java:332)
	at org.testng.SuiteRunner.run(SuiteRunner.java:276)
	at org.testng.SuiteRunnerWorker.runSuite(SuiteRunnerWorker.java:53)
	at org.testng.SuiteRunnerWorker.run(SuiteRunnerWorker.java:96)
	at org.testng.TestNG.runSuitesSequentially(TestNG.java:1212)
	at org.testng.TestNG.runSuitesLocally(TestNG.java:1134)
	at org.testng.TestNG.runSuites(TestNG.java:1063)
	at org.testng.TestNG.run(TestNG.java:1031)
	at org.testng.remote.AbstractRemoteTestNG.run(AbstractRemoteTestNG.java:115)
	at org.testng.remote.RemoteTestNG.initAndRun(RemoteTestNG.java:251)
	at org.testng.remote.RemoteTestNG.main(RemoteTestNG.java:77)
</pre></div></td>
<td>102</td>
<td>Testcases_US.US_NonClinical_Reg@6dc17b83</td></tr>
</table><p>
<table width='100%' border='1' class='invocation-passed'>
<tr><td colspan='4' align='center'><b>PASSED TESTS</b></td></tr>
<tr><td><b>Test method</b></td>
<td width="30%"><b>Exception</b></td>
<td width="10%"><b>Time (seconds)</b></td>
<td><b>Instance</b></td>
</tr>
<tr>
<td title='Testcases_US.US_NonClinical_Reg.SearchReqPage()'><b>SearchReqPage</b><br>Test class: Testcases_US.US_NonClinical_Reg<br>Parameters: testData</td>
<td></td>
<td>21</td>
<td>Testcases_US.US_NonClinical_Reg@6dc17b83</td></tr>
<tr>
<td title='Testcases_US.US_NonClinical_Reg.Run_Payroll()'><b>Run_Payroll</b><br>Test class: Testcases_US.US_NonClinical_Reg<br>Parameters: testData</td>
<td></td>
<td>88</td>
<td>Testcases_US.US_NonClinical_Reg@6dc17b83</td></tr>
<tr>
<td title='Testcases_US.US_NonClinical_Reg.Reg_TimeSheetReport()'><b>Reg_TimeSheetReport</b><br>Test class: Testcases_US.US_NonClinical_Reg<br>Parameters: testData</td>
<td></td>
<td>58</td>
<td>Testcases_US.US_NonClinical_Reg@6dc17b83</td></tr>
<tr>
<td title='Testcases_US.US_NonClinical_Reg.Submit_OfferAccepted_Page()'><b>Submit_OfferAccepted_Page</b><br>Test class: Testcases_US.US_NonClinical_Reg<br>Parameters: testData</td>
<td></td>
<td>30</td>
<td>Testcases_US.US_NonClinical_Reg@6dc17b83</td></tr>
<tr>
<td title='Testcases_US.US_NonClinical_Reg.CreateEmp_Page()'><b>CreateEmp_Page</b><br>Test class: Testcases_US.US_NonClinical_Reg<br>Parameters: testData</td>
<td></td>
<td>23</td>
<td>Testcases_US.US_NonClinical_Reg@6dc17b83</td></tr>
<tr>
<td title='Testcases_US.US_NonClinical_Reg.HRApproval_Page()'><b>HRApproval_Page</b><br>Test class: Testcases_US.US_NonClinical_Reg<br>Parameters: testData</td>
<td></td>
<td>69</td>
<td>Testcases_US.US_NonClinical_Reg@6dc17b83</td></tr>
<tr>
<td title='Testcases_US.US_NonClinical_Reg.OBEmpPortal_Page()'><b>OBEmpPortal_Page</b><br>Test class: Testcases_US.US_NonClinical_Reg<br>Parameters: testData</td>
<td></td>
<td>359</td>
<td>Testcases_US.US_NonClinical_Reg@6dc17b83</td></tr>
<tr>
<td title='Testcases_US.US_NonClinical_Reg.Regular_Timesheet()'><b>Regular_Timesheet</b><br>Test class: Testcases_US.US_NonClinical_Reg<br>Parameters: testData</td>
<td></td>
<td>129</td>
<td>Testcases_US.US_NonClinical_Reg@6dc17b83</td></tr>
<tr>
<td title='Testcases_US.US_NonClinical_Reg.RecApproval_Page()'><b>RecApproval_Page</b><br>Test class: Testcases_US.US_NonClinical_Reg<br>Parameters: testData</td>
<td></td>
<td>27</td>
<td>Testcases_US.US_NonClinical_Reg@6dc17b83</td></tr>
<tr>
<td title='Testcases_US.US_NonClinical_Reg.CandidatePage()'><b>CandidatePage</b><br>Test class: Testcases_US.US_NonClinical_Reg<br>Parameters: testData</td>
<td></td>
<td>38</td>
<td>Testcases_US.US_NonClinical_Reg@6dc17b83</td></tr>
<tr>
<td title='Testcases_US.US_NonClinical_Reg.ManagerApproval_Page()'><b>ManagerApproval_Page</b><br>Test class: Testcases_US.US_NonClinical_Reg<br>Parameters: testData</td>
<td></td>
<td>28</td>
<td>Testcases_US.US_NonClinical_Reg@6dc17b83</td></tr>
<tr>
<td title='Testcases_US.US_NonClinical_Reg.ExternalEmpView_Page()'><b>ExternalEmpView_Page</b><br>Test class: Testcases_US.US_NonClinical_Reg<br>Parameters: testData</td>
<td></td>
<td>19</td>
<td>Testcases_US.US_NonClinical_Reg@6dc17b83</td></tr>
<tr>
<td title='Testcases_US.US_NonClinical_Reg.OB_EmpModule_Page()'><b>OB_EmpModule_Page</b><br>Test class: Testcases_US.US_NonClinical_Reg<br>Parameters: testData</td>
<td></td>
<td>134</td>
<td>Testcases_US.US_NonClinical_Reg@6dc17b83</td></tr>
<tr>
<td title='Testcases_US.US_NonClinical_Reg.Submit_OfferRequested_Page()'><b>Submit_OfferRequested_Page</b><br>Test class: Testcases_US.US_NonClinical_Reg<br>Parameters: testData</td>
<td></td>
<td>14</td>
<td>Testcases_US.US_NonClinical_Reg@6dc17b83</td></tr>
<tr>
<td title='Testcases_US.US_NonClinical_Reg.Regular_Invoice()'><b>Regular_Invoice</b><br>Test class: Testcases_US.US_NonClinical_Reg<br>Parameters: testData</td>
<td></td>
<td>61</td>
<td>Testcases_US.US_NonClinical_Reg@6dc17b83</td></tr>
<tr>
<td title='Testcases_US.US_NonClinical_Reg.RequirementPage()'><b>RequirementPage</b><br>Test class: Testcases_US.US_NonClinical_Reg<br>Parameters: testData</td>
<td></td>
<td>3</td>
<td>Testcases_US.US_NonClinical_Reg@6dc17b83</td></tr>
<tr>
<td title='Testcases_US.US_NonClinical_Reg.LoginPage()'><b>LoginPage</b><br>Test class: Testcases_US.US_NonClinical_Reg<br>Parameters: testData</td>
<td></td>
<td>12</td>
<td>Testcases_US.US_NonClinical_Reg@6dc17b83</td></tr>
<tr>
<td title='Testcases_US.US_NonClinical_Reg.InititiateOB_Page()'><b>InititiateOB_Page</b><br>Test class: Testcases_US.US_NonClinical_Reg<br>Parameters: testData</td>
<td></td>
<td>58</td>
<td>Testcases_US.US_NonClinical_Reg@6dc17b83</td></tr>
<tr>
<td title='Testcases_US.US_NonClinical_Reg.BillPayRateChange()'><b>BillPayRateChange</b><br>Test class: Testcases_US.US_NonClinical_Reg<br>Parameters: testData</td>
<td></td>
<td>105</td>
<td>Testcases_US.US_NonClinical_Reg@6dc17b83</td></tr>
</table><p>
</body>
</html>