<html>
<head>
<title>TestNG:  OnBench</title>
<link href="../testng.css" rel="stylesheet" type="text/css" />
<link href="../my-testng.css" rel="stylesheet" type="text/css" />

<style type="text/css">
.log { display: none;} 
.stack-trace { display: none;} 
</style>
<script type="text/javascript">
<!--
function flip(e) {
  current = e.style.display;
  if (current == 'block') {
    e.style.display = 'none';
    return 0;
  }
  else {
    e.style.display = 'block';
    return 1;
  }
}

function toggleBox(szDivId, elem, msg1, msg2)
{
  var res = -1;  if (document.getElementById) {
    res = flip(document.getElementById(szDivId));
  }
  else if (document.all) {
    // this is the way old msie versions work
    res = flip(document.all[szDivId]);
  }
  if(elem) {
    if(res == 0) elem.innerHTML = msg1; else elem.innerHTML = msg2;
  }

}

function toggleAllBoxes() {
  if (document.getElementsByTagName) {
    d = document.getElementsByTagName('div');
    for (i = 0; i < d.length; i++) {
      if (d[i].className == 'log') {
        flip(d[i]);
      }
    }
  }
}

// -->
</script>

</head>
<body>
<h2 align='center'>OnBench</h2><table border='1' align="center">
<tr>
<td>Tests passed/Failed/Skipped:</td><td>9/3/0</td>
</tr><tr>
<td>Started on:</td><td>Wed Oct 18 16:46:31 IST 2023</td>
</tr>
<tr><td>Total time:</td><td>609 seconds (609343 ms)</td>
</tr><tr>
<td>Included groups:</td><td></td>
</tr><tr>
<td>Excluded groups:</td><td></td>
</tr>
</table><p/>
<small><i>(Hover the method name to see the test class name)</i></small><p/>
<table width='100%' border='1' class='invocation-failed'>
<tr><td colspan='4' align='center'><b>FAILED TESTS</b></td></tr>
<tr><td><b>Test method</b></td>
<td width="30%"><b>Exception</b></td>
<td width="10%"><b>Time (seconds)</b></td>
<td><b>Instance</b></td>
</tr>
<tr>
<td title='TestCases_India.India_OnBench_Cand.HRApproval_Page()'><b>HRApproval_Page</b><br>Test class: TestCases_India.India_OnBench_Cand<br>Parameters: testData<br/>
<a href="#Output-1194106760" onClick='toggleBox("Output-1194106760", this, "Show output", "Hide output");'>Show output</a>

<a href="#Output-1194106760" onClick="toggleAllBoxes();">Show all outputs</a>
<div class='log' id="Output-1194106760">
<a href='C:\Users\Bindhu\eclipse-workspace\CPX_Framework\ScreenShots\failure_screenshots\HRApproval_Page_18-10-2023_04-56-17.png'> <img src='C:\Users\Bindhu\eclipse-workspace\CPX_Framework\ScreenShots\failure_screenshots\HRApproval_Page_18-10-2023_04-56-17.png' height='100' width='100'/> </a><br/>
</div>
</td>
<td><div><pre>org.openqa.selenium.NoSuchElementException: Cannot locate element with text: Aamir K
For documentation on this error, please visit: https://www.seleniumhq.org/exceptions/no_such_element.html
Build info: version: &apos;3.141.59&apos;, revision: &apos;e82be7d358&apos;, time: &apos;2018-11-14T08:17:03&apos;
System info: host: &apos;DESKTOP-RRGPARO&apos;, ip: &apos;192.168.11.4&apos;, os.name: &apos;Windows 11&apos;, os.arch: &apos;amd64&apos;, os.version: &apos;10.0&apos;, java.version: &apos;20.0.1&apos;
Driver info: driver.version: unknown
	at org.openqa.selenium.support.ui.Select.selectByVisibleText(Select.java:147)
	at Reusable_Methods.Generic_Methods.select(Generic_Methods.java:20)
	at Page_Objects.Approval_Screens.HRPayroll_Approval(Approval_Screens.java:238)
	at TestCases_India.India_OnBench_Cand.HRApproval_Page(India_OnBench_Cand.java:144)
	at java.base/java.util.ArrayList.forEach(ArrayList.java:1511)
... Removed 25 stack frames</pre></div><a href='#' onClick='toggleBox("stack-trace1194106760", this, "Click to show all stack frames", "Click to hide stack frames")'>Click to show all stack frames</a>
<div class='stack-trace' id='stack-trace1194106760'><pre>org.openqa.selenium.NoSuchElementException: Cannot locate element with text: Aamir K
For documentation on this error, please visit: https://www.seleniumhq.org/exceptions/no_such_element.html
Build info: version: &apos;3.141.59&apos;, revision: &apos;e82be7d358&apos;, time: &apos;2018-11-14T08:17:03&apos;
System info: host: &apos;DESKTOP-RRGPARO&apos;, ip: &apos;192.168.11.4&apos;, os.name: &apos;Windows 11&apos;, os.arch: &apos;amd64&apos;, os.version: &apos;10.0&apos;, java.version: &apos;20.0.1&apos;
Driver info: driver.version: unknown
	at org.openqa.selenium.support.ui.Select.selectByVisibleText(Select.java:147)
	at Reusable_Methods.Generic_Methods.select(Generic_Methods.java:20)
	at Page_Objects.Approval_Screens.HRPayroll_Approval(Approval_Screens.java:238)
	at TestCases_India.India_OnBench_Cand.HRApproval_Page(India_OnBench_Cand.java:144)
	at java.base/jdk.internal.reflect.DirectMethodHandleAccessor.invoke(DirectMethodHandleAccessor.java:104)
	at java.base/java.lang.reflect.Method.invoke(Method.java:578)
	at org.testng.internal.MethodInvocationHelper.invokeMethod(MethodInvocationHelper.java:133)
	at org.testng.internal.TestInvoker.invokeMethod(TestInvoker.java:598)
	at org.testng.internal.TestInvoker.invokeTestMethod(TestInvoker.java:173)
	at org.testng.internal.MethodRunner.runInSequence(MethodRunner.java:46)
	at org.testng.internal.TestInvoker$MethodInvocationAgent.invoke(TestInvoker.java:824)
	at org.testng.internal.TestInvoker.invokeTestMethods(TestInvoker.java:146)
	at org.testng.internal.TestMethodWorker.invokeTestMethods(TestMethodWorker.java:146)
	at org.testng.internal.TestMethodWorker.run(TestMethodWorker.java:128)
	at java.base/java.util.ArrayList.forEach(ArrayList.java:1511)
	at org.testng.TestRunner.privateRun(TestRunner.java:794)
	at org.testng.TestRunner.run(TestRunner.java:596)
	at org.testng.SuiteRunner.runTest(SuiteRunner.java:377)
	at org.testng.SuiteRunner.runSequentially(SuiteRunner.java:371)
	at org.testng.SuiteRunner.privateRun(SuiteRunner.java:332)
	at org.testng.SuiteRunner.run(SuiteRunner.java:276)
	at org.testng.SuiteRunnerWorker.runSuite(SuiteRunnerWorker.java:53)
	at org.testng.SuiteRunnerWorker.run(SuiteRunnerWorker.java:96)
	at org.testng.TestNG.runSuitesSequentially(TestNG.java:1212)
	at org.testng.TestNG.runSuitesLocally(TestNG.java:1134)
	at org.testng.TestNG.runSuites(TestNG.java:1063)
	at org.testng.TestNG.run(TestNG.java:1031)
	at org.testng.remote.AbstractRemoteTestNG.run(AbstractRemoteTestNG.java:115)
	at org.testng.remote.RemoteTestNG.initAndRun(RemoteTestNG.java:251)
	at org.testng.remote.RemoteTestNG.main(RemoteTestNG.java:77)
</pre></div></td>
<td>43</td>
<td>TestCases_India.India_OnBench_Cand@7b9a4292</td></tr>
<tr>
<td title='TestCases_India.India_OnBench_Cand.ExternalEmpView_Page()'><b>ExternalEmpView_Page</b><br>Test class: TestCases_India.India_OnBench_Cand<br>Parameters: testData<br/>
<a href="#Output-1739581705" onClick='toggleBox("Output-1739581705", this, "Show output", "Hide output");'>Show output</a>

<a href="#Output-1739581705" onClick="toggleAllBoxes();">Show all outputs</a>
<div class='log' id="Output-1739581705">
<a href='C:\Users\Bindhu\eclipse-workspace\CPX_Framework\ScreenShots\failure_screenshots\ExternalEmpView_Page_18-10-2023_04-56-40.png'> <img src='C:\Users\Bindhu\eclipse-workspace\CPX_Framework\ScreenShots\failure_screenshots\ExternalEmpView_Page_18-10-2023_04-56-40.png' height='100' width='100'/> </a><br/>
</div>
</td>
<td><div><pre>org.openqa.selenium.NoSuchElementException: no such element: Unable to locate element: {&quot;method&quot;:&quot;xpath&quot;,&quot;selector&quot;:&quot;//*[@class=&apos;shm_link001&apos; and @id=&apos;26&apos;]&quot;}
  (Session info: chrome=118.0.5993.71)
For documentation on this error, please visit: https://www.seleniumhq.org/exceptions/no_such_element.html
Build info: version: &apos;3.141.59&apos;, revision: &apos;e82be7d358&apos;, time: &apos;2018-11-14T08:17:03&apos;
System info: host: &apos;DESKTOP-RRGPARO&apos;, ip: &apos;192.168.11.4&apos;, os.name: &apos;Windows 11&apos;, os.arch: &apos;amd64&apos;, os.version: &apos;10.0&apos;, java.version: &apos;20.0.1&apos;
Driver info: org.openqa.selenium.chrome.ChromeDriver
Capabilities {acceptInsecureCerts: false, browserName: chrome, browserVersion: 118.0.5993.71, chrome: {chromedriverVersion: 118.0.5993.70 (e52f33f30b91..., userDataDir: C:\Users\Bindhu\AppData\Loc...}, fedcm:accounts: true, goog:chromeOptions: {debuggerAddress: localhost:55505}, javascriptEnabled: true, networkConnectionEnabled: false, pageLoadStrategy: normal, platform: WINDOWS, platformName: WINDOWS, proxy: Proxy(), setWindowRect: true, strictFileInteractability: false, timeouts: {implicit: 0, pageLoad: 300000, script: 30000}, unhandledPromptBehavior: dismiss and notify, webauthn:extension:credBlob: true, webauthn:extension:largeBlob: true, webauthn:extension:minPinLength: true, webauthn:extension:prf: true, webauthn:virtualAuthenticators: true}
Session ID: 33a4adb52ea83678bc4c287fa757dfb7
*** Element info: {Using=xpath, value=//*[@class=&apos;shm_link001&apos; and @id=&apos;26&apos;]}
	at org.openqa.selenium.remote.http.W3CHttpResponseCodec.createException(W3CHttpResponseCodec.java:187)
	at org.openqa.selenium.remote.http.W3CHttpResponseCodec.decode(W3CHttpResponseCodec.java:122)
	at org.openqa.selenium.remote.http.W3CHttpResponseCodec.decode(W3CHttpResponseCodec.java:49)
	at org.openqa.selenium.remote.HttpCommandExecutor.execute(HttpCommandExecutor.java:158)
	at org.openqa.selenium.remote.service.DriverCommandExecutor.execute(DriverCommandExecutor.java:83)
	at org.openqa.selenium.remote.RemoteWebDriver.execute(RemoteWebDriver.java:552)
	at org.openqa.selenium.remote.RemoteWebDriver.findElement(RemoteWebDriver.java:323)
	at org.openqa.selenium.remote.RemoteWebDriver.findElementByXPath(RemoteWebDriver.java:428)
	at org.openqa.selenium.By$ByXPath.findElement(By.java:353)
	at org.openqa.selenium.remote.RemoteWebDriver.findElement(RemoteWebDriver.java:315)
	at org.openqa.selenium.support.pagefactory.DefaultElementLocator.findElement(DefaultElementLocator.java:69)
	at org.openqa.selenium.support.pagefactory.internal.LocatingElementHandler.invoke(LocatingElementHandler.java:38)
	at jdk.proxy2/jdk.proxy2.$Proxy14.click(Unknown Source)
	at Page_Objects.EmpView_EmpModule.External_Employee(EmpView_EmpModule.java:52)
	at TestCases_India.India_OnBench_Cand.ExternalEmpView_Page(India_OnBench_Cand.java:160)
	at java.base/java.util.ArrayList.forEach(ArrayList.java:1511)
... Removed 28 stack frames</pre></div><a href='#' onClick='toggleBox("stack-trace1739581705", this, "Click to show all stack frames", "Click to hide stack frames")'>Click to show all stack frames</a>
<div class='stack-trace' id='stack-trace1739581705'><pre>org.openqa.selenium.NoSuchElementException: no such element: Unable to locate element: {&quot;method&quot;:&quot;xpath&quot;,&quot;selector&quot;:&quot;//*[@class=&apos;shm_link001&apos; and @id=&apos;26&apos;]&quot;}
  (Session info: chrome=118.0.5993.71)
For documentation on this error, please visit: https://www.seleniumhq.org/exceptions/no_such_element.html
Build info: version: &apos;3.141.59&apos;, revision: &apos;e82be7d358&apos;, time: &apos;2018-11-14T08:17:03&apos;
System info: host: &apos;DESKTOP-RRGPARO&apos;, ip: &apos;192.168.11.4&apos;, os.name: &apos;Windows 11&apos;, os.arch: &apos;amd64&apos;, os.version: &apos;10.0&apos;, java.version: &apos;20.0.1&apos;
Driver info: org.openqa.selenium.chrome.ChromeDriver
Capabilities {acceptInsecureCerts: false, browserName: chrome, browserVersion: 118.0.5993.71, chrome: {chromedriverVersion: 118.0.5993.70 (e52f33f30b91..., userDataDir: C:\Users\Bindhu\AppData\Loc...}, fedcm:accounts: true, goog:chromeOptions: {debuggerAddress: localhost:55505}, javascriptEnabled: true, networkConnectionEnabled: false, pageLoadStrategy: normal, platform: WINDOWS, platformName: WINDOWS, proxy: Proxy(), setWindowRect: true, strictFileInteractability: false, timeouts: {implicit: 0, pageLoad: 300000, script: 30000}, unhandledPromptBehavior: dismiss and notify, webauthn:extension:credBlob: true, webauthn:extension:largeBlob: true, webauthn:extension:minPinLength: true, webauthn:extension:prf: true, webauthn:virtualAuthenticators: true}
Session ID: 33a4adb52ea83678bc4c287fa757dfb7
*** Element info: {Using=xpath, value=//*[@class=&apos;shm_link001&apos; and @id=&apos;26&apos;]}
	at java.base/jdk.internal.reflect.DirectConstructorHandleAccessor.newInstance(DirectConstructorHandleAccessor.java:67)
	at java.base/java.lang.reflect.Constructor.newInstanceWithCaller(Constructor.java:500)
	at java.base/java.lang.reflect.Constructor.newInstance(Constructor.java:484)
	at org.openqa.selenium.remote.http.W3CHttpResponseCodec.createException(W3CHttpResponseCodec.java:187)
	at org.openqa.selenium.remote.http.W3CHttpResponseCodec.decode(W3CHttpResponseCodec.java:122)
	at org.openqa.selenium.remote.http.W3CHttpResponseCodec.decode(W3CHttpResponseCodec.java:49)
	at org.openqa.selenium.remote.HttpCommandExecutor.execute(HttpCommandExecutor.java:158)
	at org.openqa.selenium.remote.service.DriverCommandExecutor.execute(DriverCommandExecutor.java:83)
	at org.openqa.selenium.remote.RemoteWebDriver.execute(RemoteWebDriver.java:552)
	at org.openqa.selenium.remote.RemoteWebDriver.findElement(RemoteWebDriver.java:323)
	at org.openqa.selenium.remote.RemoteWebDriver.findElementByXPath(RemoteWebDriver.java:428)
	at org.openqa.selenium.By$ByXPath.findElement(By.java:353)
	at org.openqa.selenium.remote.RemoteWebDriver.findElement(RemoteWebDriver.java:315)
	at org.openqa.selenium.support.pagefactory.DefaultElementLocator.findElement(DefaultElementLocator.java:69)
	at org.openqa.selenium.support.pagefactory.internal.LocatingElementHandler.invoke(LocatingElementHandler.java:38)
	at jdk.proxy2/jdk.proxy2.$Proxy14.click(Unknown Source)
	at Page_Objects.EmpView_EmpModule.External_Employee(EmpView_EmpModule.java:52)
	at TestCases_India.India_OnBench_Cand.ExternalEmpView_Page(India_OnBench_Cand.java:160)
	at java.base/jdk.internal.reflect.DirectMethodHandleAccessor.invoke(DirectMethodHandleAccessor.java:104)
	at java.base/java.lang.reflect.Method.invoke(Method.java:578)
	at org.testng.internal.MethodInvocationHelper.invokeMethod(MethodInvocationHelper.java:133)
	at org.testng.internal.TestInvoker.invokeMethod(TestInvoker.java:598)
	at org.testng.internal.TestInvoker.invokeTestMethod(TestInvoker.java:173)
	at org.testng.internal.MethodRunner.runInSequence(MethodRunner.java:46)
	at org.testng.internal.TestInvoker$MethodInvocationAgent.invoke(TestInvoker.java:824)
	at org.testng.internal.TestInvoker.invokeTestMethods(TestInvoker.java:146)
	at org.testng.internal.TestMethodWorker.invokeTestMethods(TestMethodWorker.java:146)
	at org.testng.internal.TestMethodWorker.run(TestMethodWorker.java:128)
	at java.base/java.util.ArrayList.forEach(ArrayList.java:1511)
	at org.testng.TestRunner.privateRun(TestRunner.java:794)
	at org.testng.TestRunner.run(TestRunner.java:596)
	at org.testng.SuiteRunner.runTest(SuiteRunner.java:377)
	at org.testng.SuiteRunner.runSequentially(SuiteRunner.java:371)
	at org.testng.SuiteRunner.privateRun(SuiteRunner.java:332)
	at org.testng.SuiteRunner.run(SuiteRunner.java:276)
	at org.testng.SuiteRunnerWorker.runSuite(SuiteRunnerWorker.java:53)
	at org.testng.SuiteRunnerWorker.run(SuiteRunnerWorker.java:96)
	at org.testng.TestNG.runSuitesSequentially(TestNG.java:1212)
	at org.testng.TestNG.runSuitesLocally(TestNG.java:1134)
	at org.testng.TestNG.runSuites(TestNG.java:1063)
	at org.testng.TestNG.run(TestNG.java:1031)
	at org.testng.remote.AbstractRemoteTestNG.run(AbstractRemoteTestNG.java:115)
	at org.testng.remote.RemoteTestNG.initAndRun(RemoteTestNG.java:251)
	at org.testng.remote.RemoteTestNG.main(RemoteTestNG.java:77)
</pre></div></td>
<td>11</td>
<td>TestCases_India.India_OnBench_Cand@7b9a4292</td></tr>
<tr>
<td title='TestCases_India.India_OnBench_Cand.CreateEmp_Page()'><b>CreateEmp_Page</b><br>Test class: TestCases_India.India_OnBench_Cand<br>Parameters: testData<br/>
<a href="#Output-1039629818" onClick='toggleBox("Output-1039629818", this, "Show output", "Hide output");'>Show output</a>

<a href="#Output-1039629818" onClick="toggleAllBoxes();">Show all outputs</a>
<div class='log' id="Output-1039629818">
<a href='C:\Users\Bindhu\eclipse-workspace\CPX_Framework\ScreenShots\failure_screenshots\CreateEmp_Page_18-10-2023_04-56-29.png'> <img src='C:\Users\Bindhu\eclipse-workspace\CPX_Framework\ScreenShots\failure_screenshots\CreateEmp_Page_18-10-2023_04-56-29.png' height='100' width='100'/> </a><br/>
</div>
</td>
<td><div><pre>org.openqa.selenium.ElementClickInterceptedException: element click intercepted: Element &lt;iframe id=&quot;frmContent&quot; frameborder=&quot;0&quot; style=&quot;width: 100%; height: 100%; display: inline;&quot; src=&quot;/lancesoft-india/Home/MyWorkflows?mnuid=468&amp;amp;mnuItemID=13021&quot; cd_frame_id_=&quot;534c4870071ce0e6b7f2579bff86839a&quot;&gt;...&lt;/iframe&gt; is not clickable at point (886, 183). Other element would receive the click: &lt;th class=&quot;tableDBGridHeader&quot; style=&quot;width: 34%&quot;&gt;...&lt;/th&gt;
  (Session info: chrome=118.0.5993.71)
Build info: version: &apos;3.141.59&apos;, revision: &apos;e82be7d358&apos;, time: &apos;2018-11-14T08:17:03&apos;
System info: host: &apos;DESKTOP-RRGPARO&apos;, ip: &apos;192.168.11.4&apos;, os.name: &apos;Windows 11&apos;, os.arch: &apos;amd64&apos;, os.version: &apos;10.0&apos;, java.version: &apos;20.0.1&apos;
Driver info: org.openqa.selenium.chrome.ChromeDriver
Capabilities {acceptInsecureCerts: false, browserName: chrome, browserVersion: 118.0.5993.71, chrome: {chromedriverVersion: 118.0.5993.70 (e52f33f30b91..., userDataDir: C:\Users\Bindhu\AppData\Loc...}, fedcm:accounts: true, goog:chromeOptions: {debuggerAddress: localhost:55505}, javascriptEnabled: true, networkConnectionEnabled: false, pageLoadStrategy: normal, platform: WINDOWS, platformName: WINDOWS, proxy: Proxy(), setWindowRect: true, strictFileInteractability: false, timeouts: {implicit: 0, pageLoad: 300000, script: 30000}, unhandledPromptBehavior: dismiss and notify, webauthn:extension:credBlob: true, webauthn:extension:largeBlob: true, webauthn:extension:minPinLength: true, webauthn:extension:prf: true, webauthn:virtualAuthenticators: true}
Session ID: 33a4adb52ea83678bc4c287fa757dfb7
	at org.openqa.selenium.remote.http.W3CHttpResponseCodec.createException(W3CHttpResponseCodec.java:187)
	at org.openqa.selenium.remote.http.W3CHttpResponseCodec.decode(W3CHttpResponseCodec.java:122)
	at org.openqa.selenium.remote.http.W3CHttpResponseCodec.decode(W3CHttpResponseCodec.java:49)
	at org.openqa.selenium.remote.HttpCommandExecutor.execute(HttpCommandExecutor.java:158)
	at org.openqa.selenium.remote.service.DriverCommandExecutor.execute(DriverCommandExecutor.java:83)
	at org.openqa.selenium.remote.RemoteWebDriver.execute(RemoteWebDriver.java:552)
	at org.openqa.selenium.remote.RemoteWebElement.execute(RemoteWebElement.java:285)
	at org.openqa.selenium.remote.RemoteWebElement.click(RemoteWebElement.java:84)
	at org.openqa.selenium.support.pagefactory.internal.LocatingElementHandler.invoke(LocatingElementHandler.java:51)
	at jdk.proxy2/jdk.proxy2.$Proxy14.click(Unknown Source)
	at Page_Objects.Approval_Screens.CreateEmployee_Approval(Approval_Screens.java:351)
	at TestCases_India.India_OnBench_Cand.CreateEmp_Page(India_OnBench_Cand.java:152)
	at java.base/java.util.ArrayList.forEach(ArrayList.java:1511)
... Removed 30 stack frames</pre></div><a href='#' onClick='toggleBox("stack-trace1039629818", this, "Click to show all stack frames", "Click to hide stack frames")'>Click to show all stack frames</a>
<div class='stack-trace' id='stack-trace1039629818'><pre>org.openqa.selenium.ElementClickInterceptedException: element click intercepted: Element &lt;iframe id=&quot;frmContent&quot; frameborder=&quot;0&quot; style=&quot;width: 100%; height: 100%; display: inline;&quot; src=&quot;/lancesoft-india/Home/MyWorkflows?mnuid=468&amp;amp;mnuItemID=13021&quot; cd_frame_id_=&quot;534c4870071ce0e6b7f2579bff86839a&quot;&gt;...&lt;/iframe&gt; is not clickable at point (886, 183). Other element would receive the click: &lt;th class=&quot;tableDBGridHeader&quot; style=&quot;width: 34%&quot;&gt;...&lt;/th&gt;
  (Session info: chrome=118.0.5993.71)
Build info: version: &apos;3.141.59&apos;, revision: &apos;e82be7d358&apos;, time: &apos;2018-11-14T08:17:03&apos;
System info: host: &apos;DESKTOP-RRGPARO&apos;, ip: &apos;192.168.11.4&apos;, os.name: &apos;Windows 11&apos;, os.arch: &apos;amd64&apos;, os.version: &apos;10.0&apos;, java.version: &apos;20.0.1&apos;
Driver info: org.openqa.selenium.chrome.ChromeDriver
Capabilities {acceptInsecureCerts: false, browserName: chrome, browserVersion: 118.0.5993.71, chrome: {chromedriverVersion: 118.0.5993.70 (e52f33f30b91..., userDataDir: C:\Users\Bindhu\AppData\Loc...}, fedcm:accounts: true, goog:chromeOptions: {debuggerAddress: localhost:55505}, javascriptEnabled: true, networkConnectionEnabled: false, pageLoadStrategy: normal, platform: WINDOWS, platformName: WINDOWS, proxy: Proxy(), setWindowRect: true, strictFileInteractability: false, timeouts: {implicit: 0, pageLoad: 300000, script: 30000}, unhandledPromptBehavior: dismiss and notify, webauthn:extension:credBlob: true, webauthn:extension:largeBlob: true, webauthn:extension:minPinLength: true, webauthn:extension:prf: true, webauthn:virtualAuthenticators: true}
Session ID: 33a4adb52ea83678bc4c287fa757dfb7
	at java.base/jdk.internal.reflect.DirectConstructorHandleAccessor.newInstance(DirectConstructorHandleAccessor.java:67)
	at java.base/java.lang.reflect.Constructor.newInstanceWithCaller(Constructor.java:500)
	at java.base/java.lang.reflect.Constructor.newInstance(Constructor.java:484)
	at org.openqa.selenium.remote.http.W3CHttpResponseCodec.createException(W3CHttpResponseCodec.java:187)
	at org.openqa.selenium.remote.http.W3CHttpResponseCodec.decode(W3CHttpResponseCodec.java:122)
	at org.openqa.selenium.remote.http.W3CHttpResponseCodec.decode(W3CHttpResponseCodec.java:49)
	at org.openqa.selenium.remote.HttpCommandExecutor.execute(HttpCommandExecutor.java:158)
	at org.openqa.selenium.remote.service.DriverCommandExecutor.execute(DriverCommandExecutor.java:83)
	at org.openqa.selenium.remote.RemoteWebDriver.execute(RemoteWebDriver.java:552)
	at org.openqa.selenium.remote.RemoteWebElement.execute(RemoteWebElement.java:285)
	at org.openqa.selenium.remote.RemoteWebElement.click(RemoteWebElement.java:84)
	at java.base/jdk.internal.reflect.DirectMethodHandleAccessor.invoke(DirectMethodHandleAccessor.java:104)
	at java.base/java.lang.reflect.Method.invoke(Method.java:578)
	at org.openqa.selenium.support.pagefactory.internal.LocatingElementHandler.invoke(LocatingElementHandler.java:51)
	at jdk.proxy2/jdk.proxy2.$Proxy14.click(Unknown Source)
	at Page_Objects.Approval_Screens.CreateEmployee_Approval(Approval_Screens.java:351)
	at TestCases_India.India_OnBench_Cand.CreateEmp_Page(India_OnBench_Cand.java:152)
	at java.base/jdk.internal.reflect.DirectMethodHandleAccessor.invoke(DirectMethodHandleAccessor.java:104)
	at java.base/java.lang.reflect.Method.invoke(Method.java:578)
	at org.testng.internal.MethodInvocationHelper.invokeMethod(MethodInvocationHelper.java:133)
	at org.testng.internal.TestInvoker.invokeMethod(TestInvoker.java:598)
	at org.testng.internal.TestInvoker.invokeTestMethod(TestInvoker.java:173)
	at org.testng.internal.MethodRunner.runInSequence(MethodRunner.java:46)
	at org.testng.internal.TestInvoker$MethodInvocationAgent.invoke(TestInvoker.java:824)
	at org.testng.internal.TestInvoker.invokeTestMethods(TestInvoker.java:146)
	at org.testng.internal.TestMethodWorker.invokeTestMethods(TestMethodWorker.java:146)
	at org.testng.internal.TestMethodWorker.run(TestMethodWorker.java:128)
	at java.base/java.util.ArrayList.forEach(ArrayList.java:1511)
	at org.testng.TestRunner.privateRun(TestRunner.java:794)
	at org.testng.TestRunner.run(TestRunner.java:596)
	at org.testng.SuiteRunner.runTest(SuiteRunner.java:377)
	at org.testng.SuiteRunner.runSequentially(SuiteRunner.java:371)
	at org.testng.SuiteRunner.privateRun(SuiteRunner.java:332)
	at org.testng.SuiteRunner.run(SuiteRunner.java:276)
	at org.testng.SuiteRunnerWorker.runSuite(SuiteRunnerWorker.java:53)
	at org.testng.SuiteRunnerWorker.run(SuiteRunnerWorker.java:96)
	at org.testng.TestNG.runSuitesSequentially(TestNG.java:1212)
	at org.testng.TestNG.runSuitesLocally(TestNG.java:1134)
	at org.testng.TestNG.runSuites(TestNG.java:1063)
	at org.testng.TestNG.run(TestNG.java:1031)
	at org.testng.remote.AbstractRemoteTestNG.run(AbstractRemoteTestNG.java:115)
	at org.testng.remote.RemoteTestNG.initAndRun(RemoteTestNG.java:251)
	at org.testng.remote.RemoteTestNG.main(RemoteTestNG.java:77)
</pre></div></td>
<td>11</td>
<td>TestCases_India.India_OnBench_Cand@7b9a4292</td></tr>
</table><p>
<table width='100%' border='1' class='invocation-passed'>
<tr><td colspan='4' align='center'><b>PASSED TESTS</b></td></tr>
<tr><td><b>Test method</b></td>
<td width="30%"><b>Exception</b></td>
<td width="10%"><b>Time (seconds)</b></td>
<td><b>Instance</b></td>
</tr>
<tr>
<td title='TestCases_India.India_OnBench_Cand.Manager_Approval()'><b>Manager_Approval</b><br>Test class: TestCases_India.India_OnBench_Cand<br>Parameters: testData<br/>
<a href="#Output-45795770" onClick='toggleBox("Output-45795770", this, "Show output", "Hide output");'>Show output</a>

<a href="#Output-45795770" onClick="toggleAllBoxes();">Show all outputs</a>
<div class='log' id="Output-45795770">
<a href='C:\Users\Bindhu\eclipse-workspace\CPX_Framework\ScreenShots\Pass_screenshots\Manager_Approval_18-10-2023_04-47-05.png'> <img src='C:\Users\Bindhu\eclipse-workspace\CPX_Framework\ScreenShots\Pass_screenshots\Manager_Approval_18-10-2023_04-47-05.png' height='100' width='100'/> </a><br/>
</div>
</td>
<td></td>
<td>0</td>
<td>TestCases_India.India_OnBench_Cand@7b9a4292</td></tr>
<tr>
<td title='TestCases_India.India_OnBench_Cand.SearchReqPage()'><b>SearchReqPage</b><br>Test class: TestCases_India.India_OnBench_Cand<br>Parameters: testData<br/>
<a href="#Output-90380642" onClick='toggleBox("Output-90380642", this, "Show output", "Hide output");'>Show output</a>

<a href="#Output-90380642" onClick="toggleAllBoxes();">Show all outputs</a>
<div class='log' id="Output-90380642">
<a href='C:\Users\Bindhu\eclipse-workspace\CPX_Framework\ScreenShots\Pass_screenshots\SearchReqPage_18-10-2023_04-47-03.png'> <img src='C:\Users\Bindhu\eclipse-workspace\CPX_Framework\ScreenShots\Pass_screenshots\SearchReqPage_18-10-2023_04-47-03.png' height='100' width='100'/> </a><br/>
</div>
</td>
<td></td>
<td>19</td>
<td>TestCases_India.India_OnBench_Cand@7b9a4292</td></tr>
<tr>
<td title='TestCases_India.India_OnBench_Cand.RecManager_Approval()'><b>RecManager_Approval</b><br>Test class: TestCases_India.India_OnBench_Cand<br>Parameters: testData<br/>
<a href="#Output-2050247525" onClick='toggleBox("Output-2050247525", this, "Show output", "Hide output");'>Show output</a>

<a href="#Output-2050247525" onClick="toggleAllBoxes();">Show all outputs</a>
<div class='log' id="Output-2050247525">
<a href='C:\Users\Bindhu\eclipse-workspace\CPX_Framework\ScreenShots\Pass_screenshots\RecManager_Approval_18-10-2023_04-47-04.png'> <img src='C:\Users\Bindhu\eclipse-workspace\CPX_Framework\ScreenShots\Pass_screenshots\RecManager_Approval_18-10-2023_04-47-04.png' height='100' width='100'/> </a><br/>
</div>
</td>
<td></td>
<td>0</td>
<td>TestCases_India.India_OnBench_Cand@7b9a4292</td></tr>
<tr>
<td title='TestCases_India.India_OnBench_Cand.OB_EmpPortal()'><b>OB_EmpPortal</b><br>Test class: TestCases_India.India_OnBench_Cand<br>Parameters: testData<br/>
<a href="#Output-1476985549" onClick='toggleBox("Output-1476985549", this, "Show output", "Hide output");'>Show output</a>

<a href="#Output-1476985549" onClick="toggleAllBoxes();">Show all outputs</a>
<div class='log' id="Output-1476985549">
<a href='C:\Users\Bindhu\eclipse-workspace\CPX_Framework\ScreenShots\Pass_screenshots\OB_EmpPortal_18-10-2023_04-52-33.png'> <img src='C:\Users\Bindhu\eclipse-workspace\CPX_Framework\ScreenShots\Pass_screenshots\OB_EmpPortal_18-10-2023_04-52-33.png' height='100' width='100'/> </a><br/>
</div>
</td>
<td></td>
<td>328</td>
<td>TestCases_India.India_OnBench_Cand@7b9a4292</td></tr>
<tr>
<td title='TestCases_India.India_OnBench_Cand.LoginPage()'><b>LoginPage</b><br>Test class: TestCases_India.India_OnBench_Cand<br>Parameters: testData<br/>
<a href="#Output-931911789" onClick='toggleBox("Output-931911789", this, "Show output", "Hide output");'>Show output</a>

<a href="#Output-931911789" onClick="toggleAllBoxes();">Show all outputs</a>
<div class='log' id="Output-931911789">
<a href='C:\Users\Bindhu\eclipse-workspace\CPX_Framework\ScreenShots\Pass_screenshots\LoginPage_18-10-2023_04-46-43.png'> <img src='C:\Users\Bindhu\eclipse-workspace\CPX_Framework\ScreenShots\Pass_screenshots\LoginPage_18-10-2023_04-46-43.png' height='100' width='100'/> </a><br/>
</div>
</td>
<td></td>
<td>8</td>
<td>TestCases_India.India_OnBench_Cand@7b9a4292</td></tr>
<tr>
<td title='TestCases_India.India_OnBench_Cand.OB_EmpModule_Page()'><b>OB_EmpModule_Page</b><br>Test class: TestCases_India.India_OnBench_Cand<br>Parameters: testData<br/>
<a href="#Output-291279979" onClick='toggleBox("Output-291279979", this, "Show output", "Hide output");'>Show output</a>

<a href="#Output-291279979" onClick="toggleAllBoxes();">Show all outputs</a>
<div class='log' id="Output-291279979">
<a href='C:\Users\Bindhu\eclipse-workspace\CPX_Framework\ScreenShots\Pass_screenshots\OB_EmpModule_Page_18-10-2023_04-54-44.png'> <img src='C:\Users\Bindhu\eclipse-workspace\CPX_Framework\ScreenShots\Pass_screenshots\OB_EmpModule_Page_18-10-2023_04-54-44.png' height='100' width='100'/> </a><br/>
</div>
</td>
<td></td>
<td>130</td>
<td>TestCases_India.India_OnBench_Cand@7b9a4292</td></tr>
<tr>
<td title='TestCases_India.India_OnBench_Cand.CandidatePage()'><b>CandidatePage</b><br>Test class: TestCases_India.India_OnBench_Cand<br>Parameters: testData<br/>
<a href="#Output-1659282412" onClick='toggleBox("Output-1659282412", this, "Show output", "Hide output");'>Show output</a>

<a href="#Output-1659282412" onClick="toggleAllBoxes();">Show all outputs</a>
<div class='log' id="Output-1659282412">
<a href='C:\Users\Bindhu\eclipse-workspace\CPX_Framework\ScreenShots\Pass_screenshots\CandidatePage_18-10-2023_04-47-03.png'> <img src='C:\Users\Bindhu\eclipse-workspace\CPX_Framework\ScreenShots\Pass_screenshots\CandidatePage_18-10-2023_04-47-03.png' height='100' width='100'/> </a><br/>
</div>
</td>
<td></td>
<td>0</td>
<td>TestCases_India.India_OnBench_Cand@7b9a4292</td></tr>
<tr>
<td title='TestCases_India.India_OnBench_Cand.Accept_Offer()'><b>Accept_Offer</b><br>Test class: TestCases_India.India_OnBench_Cand<br>Parameters: testData<br/>
<a href="#Output-52513709" onClick='toggleBox("Output-52513709", this, "Show output", "Hide output");'>Show output</a>

<a href="#Output-52513709" onClick="toggleAllBoxes();">Show all outputs</a>
<div class='log' id="Output-52513709">
<a href='C:\Users\Bindhu\eclipse-workspace\CPX_Framework\ScreenShots\Pass_screenshots\Accept_Offer_18-10-2023_04-55-33.png'> <img src='C:\Users\Bindhu\eclipse-workspace\CPX_Framework\ScreenShots\Pass_screenshots\Accept_Offer_18-10-2023_04-55-33.png' height='100' width='100'/> </a><br/>
</div>
</td>
<td></td>
<td>48</td>
<td>TestCases_India.India_OnBench_Cand@7b9a4292</td></tr>
<tr>
<td title='TestCases_India.India_OnBench_Cand.Submit_NewCand()'><b>Submit_NewCand</b><br>Test class: TestCases_India.India_OnBench_Cand<br>Parameters: testData<br/>
<a href="#Output-1373646877" onClick='toggleBox("Output-1373646877", this, "Show output", "Hide output");'>Show output</a>

<a href="#Output-1373646877" onClick="toggleAllBoxes();">Show all outputs</a>
<div class='log' id="Output-1373646877">
<a href='C:\Users\Bindhu\eclipse-workspace\CPX_Framework\ScreenShots\Pass_screenshots\Submit_NewCand_18-10-2023_04-47-04.png'> <img src='C:\Users\Bindhu\eclipse-workspace\CPX_Framework\ScreenShots\Pass_screenshots\Submit_NewCand_18-10-2023_04-47-04.png' height='100' width='100'/> </a><br/>
</div>
</td>
<td></td>
<td>0</td>
<td>TestCases_India.India_OnBench_Cand@7b9a4292</td></tr>
</table><p>
</body>
</html>