<?xml version="1.0" encoding="UTF-8"?>
<!-- Generated by org.testng.reporters.JUnitReportReporter -->
<testsuite hostname="DESKTOP-RRGPARO" failures="0" tests="12" name="TestCases_India.India_OnBench_Cand" time="603.356" errors="3" timestamp="2023-10-18T16:56:41 IST" skipped="0">
  <testcase classname="TestCases_India.India_OnBench_Cand" name="Manager_Approval" time="0.109"/>
  <system-out>
    <![CDATA[<a href='C:\Users\Bindhu\eclipse-workspace\CPX_Framework\ScreenShots\Pass_screenshots\Manager_Approval_18-10-2023_04-47-05.png'> <img src='C:\Users\Bindhu\eclipse-workspace\CPX_Framework\ScreenShots\Pass_screenshots\Manager_Approval_18-10-2023_04-47-05.png' height='100' width='100'/> </a>]]>
  </system-out>
  <testcase classname="TestCases_India.India_OnBench_Cand" name="SearchReqPage" time="19.400"/>
  <system-out>
    <![CDATA[<a href='C:\Users\Bindhu\eclipse-workspace\CPX_Framework\ScreenShots\Pass_screenshots\SearchReqPage_18-10-2023_04-47-03.png'> <img src='C:\Users\Bindhu\eclipse-workspace\CPX_Framework\ScreenShots\Pass_screenshots\SearchReqPage_18-10-2023_04-47-03.png' height='100' width='100'/> </a>]]>
  </system-out>
  <testcase classname="TestCases_India.India_OnBench_Cand" name="RecManager_Approval" time="0.189"/>
  <system-out>
    <![CDATA[<a href='C:\Users\Bindhu\eclipse-workspace\CPX_Framework\ScreenShots\Pass_screenshots\RecManager_Approval_18-10-2023_04-47-04.png'> <img src='C:\Users\Bindhu\eclipse-workspace\CPX_Framework\ScreenShots\Pass_screenshots\RecManager_Approval_18-10-2023_04-47-04.png' height='100' width='100'/> </a>]]>
  </system-out>
  <testcase classname="TestCases_India.India_OnBench_Cand" name="OB_EmpPortal" time="328.656"/>
  <system-out>
    <![CDATA[<a href='C:\Users\Bindhu\eclipse-workspace\CPX_Framework\ScreenShots\Pass_screenshots\OB_EmpPortal_18-10-2023_04-52-33.png'> <img src='C:\Users\Bindhu\eclipse-workspace\CPX_Framework\ScreenShots\Pass_screenshots\OB_EmpPortal_18-10-2023_04-52-33.png' height='100' width='100'/> </a>]]>
  </system-out>
  <testcase classname="TestCases_India.India_OnBench_Cand" name="HRApproval_Page" time="43.149">
    <error message="Cannot locate element with text: Aamir K
For documentation on this error, please visit: https://www.seleniumhq.org/exceptions/no_such_element.html
Build info: version: &#039;3.141.59&#039;, revision: &#039;e82be7d358&#039;, time: &#039;2018-11-14T08:17:03&#039;
System info: host: &#039;DESKTOP-RRGPARO&#039;, ip: &#039;192.168.11.4&#039;, os.name: &#039;Windows 11&#039;, os.arch: &#039;amd64&#039;, os.version: &#039;10.0&#039;, java.version: &#039;20.0.1&#039;
Driver info: driver.version: unknown" type="org.openqa.selenium.NoSuchElementException">
      <![CDATA[org.openqa.selenium.NoSuchElementException: Cannot locate element with text: Aamir K
For documentation on this error, please visit: https://www.seleniumhq.org/exceptions/no_such_element.html
Build info: version: '3.141.59', revision: 'e82be7d358', time: '2018-11-14T08:17:03'
System info: host: 'DESKTOP-RRGPARO', ip: '192.168.11.4', os.name: 'Windows 11', os.arch: 'amd64', os.version: '10.0', java.version: '20.0.1'
Driver info: driver.version: unknown
at org.openqa.selenium.support.ui.Select.selectByVisibleText(Select.java:147)
at Reusable_Methods.Generic_Methods.select(Generic_Methods.java:20)
at Page_Objects.Approval_Screens.HRPayroll_Approval(Approval_Screens.java:238)
at TestCases_India.India_OnBench_Cand.HRApproval_Page(India_OnBench_Cand.java:144)
at java.base/jdk.internal.reflect.DirectMethodHandleAccessor.invoke(DirectMethodHandleAccessor.java:104)
at java.base/java.lang.reflect.Method.invoke(Method.java:578)
at org.testng.internal.MethodInvocationHelper.invokeMethod(MethodInvocationHelper.java:133)
at org.testng.internal.TestInvoker.invokeMethod(TestInvoker.java:598)
at org.testng.internal.TestInvoker.invokeTestMethod(TestInvoker.java:173)
at org.testng.internal.MethodRunner.runInSequence(MethodRunner.java:46)
at org.testng.internal.TestInvoker$MethodInvocationAgent.invoke(TestInvoker.java:824)
at org.testng.internal.TestInvoker.invokeTestMethods(TestInvoker.java:146)
at org.testng.internal.TestMethodWorker.invokeTestMethods(TestMethodWorker.java:146)
at org.testng.internal.TestMethodWorker.run(TestMethodWorker.java:128)
at java.base/java.util.ArrayList.forEach(ArrayList.java:1511)
at org.testng.TestRunner.privateRun(TestRunner.java:794)
at org.testng.TestRunner.run(TestRunner.java:596)
at org.testng.SuiteRunner.runTest(SuiteRunner.java:377)
at org.testng.SuiteRunner.runSequentially(SuiteRunner.java:371)
at org.testng.SuiteRunner.privateRun(SuiteRunner.java:332)
at org.testng.SuiteRunner.run(SuiteRunner.java:276)
at org.testng.SuiteRunnerWorker.runSuite(SuiteRunnerWorker.java:53)
at org.testng.SuiteRunnerWorker.run(SuiteRunnerWorker.java:96)
at org.testng.TestNG.runSuitesSequentially(TestNG.java:1212)
at org.testng.TestNG.runSuitesLocally(TestNG.java:1134)
at org.testng.TestNG.runSuites(TestNG.java:1063)
at org.testng.TestNG.run(TestNG.java:1031)
at org.testng.remote.AbstractRemoteTestNG.run(AbstractRemoteTestNG.java:115)
at org.testng.remote.RemoteTestNG.initAndRun(RemoteTestNG.java:251)
at org.testng.remote.RemoteTestNG.main(RemoteTestNG.java:77)
]]>
    </error>
  </testcase> <!-- HRApproval_Page -->
  <system-out>
    <![CDATA[<a href='C:\Users\Bindhu\eclipse-workspace\CPX_Framework\ScreenShots\failure_screenshots\HRApproval_Page_18-10-2023_04-56-17.png'> <img src='C:\Users\Bindhu\eclipse-workspace\CPX_Framework\ScreenShots\failure_screenshots\HRApproval_Page_18-10-2023_04-56-17.png' height='100' width='100'/> </a>]]>
  </system-out>
  <testcase classname="TestCases_India.India_OnBench_Cand" name="LoginPage" time="8.726"/>
  <system-out>
    <![CDATA[<a href='C:\Users\Bindhu\eclipse-workspace\CPX_Framework\ScreenShots\Pass_screenshots\LoginPage_18-10-2023_04-46-43.png'> <img src='C:\Users\Bindhu\eclipse-workspace\CPX_Framework\ScreenShots\Pass_screenshots\LoginPage_18-10-2023_04-46-43.png' height='100' width='100'/> </a>]]>
  </system-out>
  <testcase classname="TestCases_India.India_OnBench_Cand" name="ExternalEmpView_Page" time="11.706">
    <error message="no such element: Unable to locate element: {&quot;method&quot;:&quot;xpath&quot;,&quot;selector&quot;:&quot;//*[@class=&#039;shm_link001&#039; and @id=&#039;26&#039;]&quot;}
  (Session info: chrome=118.0.5993.71)
For documentation on this error, please visit: https://www.seleniumhq.org/exceptions/no_such_element.html
Build info: version: &#039;3.141.59&#039;, revision: &#039;e82be7d358&#039;, time: &#039;2018-11-14T08:17:03&#039;
System info: host: &#039;DESKTOP-RRGPARO&#039;, ip: &#039;192.168.11.4&#039;, os.name: &#039;Windows 11&#039;, os.arch: &#039;amd64&#039;, os.version: &#039;10.0&#039;, java.version: &#039;20.0.1&#039;
Driver info: org.openqa.selenium.chrome.ChromeDriver
Capabilities {acceptInsecureCerts: false, browserName: chrome, browserVersion: 118.0.5993.71, chrome: {chromedriverVersion: 118.0.5993.70 (e52f33f30b91..., userDataDir: C:\Users\Bindhu\AppData\Loc...}, fedcm:accounts: true, goog:chromeOptions: {debuggerAddress: localhost:55505}, javascriptEnabled: true, networkConnectionEnabled: false, pageLoadStrategy: normal, platform: WINDOWS, platformName: WINDOWS, proxy: Proxy(), setWindowRect: true, strictFileInteractability: false, timeouts: {implicit: 0, pageLoad: 300000, script: 30000}, unhandledPromptBehavior: dismiss and notify, webauthn:extension:credBlob: true, webauthn:extension:largeBlob: true, webauthn:extension:minPinLength: true, webauthn:extension:prf: true, webauthn:virtualAuthenticators: true}
Session ID: 33a4adb52ea83678bc4c287fa757dfb7
*** Element info: {Using=xpath, value=//*[@class=&#039;shm_link001&#039; and @id=&#039;26&#039;]}" type="org.openqa.selenium.NoSuchElementException">
      <![CDATA[org.openqa.selenium.NoSuchElementException: no such element: Unable to locate element: {"method":"xpath","selector":"//*[@class='shm_link001' and @id='26']"}
  (Session info: chrome=118.0.5993.71)
For documentation on this error, please visit: https://www.seleniumhq.org/exceptions/no_such_element.html
Build info: version: '3.141.59', revision: 'e82be7d358', time: '2018-11-14T08:17:03'
System info: host: 'DESKTOP-RRGPARO', ip: '192.168.11.4', os.name: 'Windows 11', os.arch: 'amd64', os.version: '10.0', java.version: '20.0.1'
Driver info: org.openqa.selenium.chrome.ChromeDriver
Capabilities {acceptInsecureCerts: false, browserName: chrome, browserVersion: 118.0.5993.71, chrome: {chromedriverVersion: 118.0.5993.70 (e52f33f30b91..., userDataDir: C:\Users\Bindhu\AppData\Loc...}, fedcm:accounts: true, goog:chromeOptions: {debuggerAddress: localhost:55505}, javascriptEnabled: true, networkConnectionEnabled: false, pageLoadStrategy: normal, platform: WINDOWS, platformName: WINDOWS, proxy: Proxy(), setWindowRect: true, strictFileInteractability: false, timeouts: {implicit: 0, pageLoad: 300000, script: 30000}, unhandledPromptBehavior: dismiss and notify, webauthn:extension:credBlob: true, webauthn:extension:largeBlob: true, webauthn:extension:minPinLength: true, webauthn:extension:prf: true, webauthn:virtualAuthenticators: true}
Session ID: 33a4adb52ea83678bc4c287fa757dfb7
*** Element info: {Using=xpath, value=//*[@class='shm_link001' and @id='26']}
at java.base/jdk.internal.reflect.DirectConstructorHandleAccessor.newInstance(DirectConstructorHandleAccessor.java:67)
at java.base/java.lang.reflect.Constructor.newInstanceWithCaller(Constructor.java:500)
at java.base/java.lang.reflect.Constructor.newInstance(Constructor.java:484)
at org.openqa.selenium.remote.http.W3CHttpResponseCodec.createException(W3CHttpResponseCodec.java:187)
at org.openqa.selenium.remote.http.W3CHttpResponseCodec.decode(W3CHttpResponseCodec.java:122)
at org.openqa.selenium.remote.http.W3CHttpResponseCodec.decode(W3CHttpResponseCodec.java:49)
at org.openqa.selenium.remote.HttpCommandExecutor.execute(HttpCommandExecutor.java:158)
at org.openqa.selenium.remote.service.DriverCommandExecutor.execute(DriverCommandExecutor.java:83)
at org.openqa.selenium.remote.RemoteWebDriver.execute(RemoteWebDriver.java:552)
at org.openqa.selenium.remote.RemoteWebDriver.findElement(RemoteWebDriver.java:323)
at org.openqa.selenium.remote.RemoteWebDriver.findElementByXPath(RemoteWebDriver.java:428)
at org.openqa.selenium.By$ByXPath.findElement(By.java:353)
at org.openqa.selenium.remote.RemoteWebDriver.findElement(RemoteWebDriver.java:315)
at org.openqa.selenium.support.pagefactory.DefaultElementLocator.findElement(DefaultElementLocator.java:69)
at org.openqa.selenium.support.pagefactory.internal.LocatingElementHandler.invoke(LocatingElementHandler.java:38)
at jdk.proxy2/jdk.proxy2.$Proxy14.click(Unknown Source)
at Page_Objects.EmpView_EmpModule.External_Employee(EmpView_EmpModule.java:52)
at TestCases_India.India_OnBench_Cand.ExternalEmpView_Page(India_OnBench_Cand.java:160)
at java.base/jdk.internal.reflect.DirectMethodHandleAccessor.invoke(DirectMethodHandleAccessor.java:104)
at java.base/java.lang.reflect.Method.invoke(Method.java:578)
at org.testng.internal.MethodInvocationHelper.invokeMethod(MethodInvocationHelper.java:133)
at org.testng.internal.TestInvoker.invokeMethod(TestInvoker.java:598)
at org.testng.internal.TestInvoker.invokeTestMethod(TestInvoker.java:173)
at org.testng.internal.MethodRunner.runInSequence(MethodRunner.java:46)
at org.testng.internal.TestInvoker$MethodInvocationAgent.invoke(TestInvoker.java:824)
at org.testng.internal.TestInvoker.invokeTestMethods(TestInvoker.java:146)
at org.testng.internal.TestMethodWorker.invokeTestMethods(TestMethodWorker.java:146)
at org.testng.internal.TestMethodWorker.run(TestMethodWorker.java:128)
at java.base/java.util.ArrayList.forEach(ArrayList.java:1511)
at org.testng.TestRunner.privateRun(TestRunner.java:794)
at org.testng.TestRunner.run(TestRunner.java:596)
at org.testng.SuiteRunner.runTest(SuiteRunner.java:377)
at org.testng.SuiteRunner.runSequentially(SuiteRunner.java:371)
at org.testng.SuiteRunner.privateRun(SuiteRunner.java:332)
at org.testng.SuiteRunner.run(SuiteRunner.java:276)
at org.testng.SuiteRunnerWorker.runSuite(SuiteRunnerWorker.java:53)
at org.testng.SuiteRunnerWorker.run(SuiteRunnerWorker.java:96)
at org.testng.TestNG.runSuitesSequentially(TestNG.java:1212)
at org.testng.TestNG.runSuitesLocally(TestNG.java:1134)
at org.testng.TestNG.runSuites(TestNG.java:1063)
at org.testng.TestNG.run(TestNG.java:1031)
at org.testng.remote.AbstractRemoteTestNG.run(AbstractRemoteTestNG.java:115)
at org.testng.remote.RemoteTestNG.initAndRun(RemoteTestNG.java:251)
at org.testng.remote.RemoteTestNG.main(RemoteTestNG.java:77)
]]>
    </error>
  </testcase> <!-- ExternalEmpView_Page -->
  <system-out>
    <![CDATA[<a href='C:\Users\Bindhu\eclipse-workspace\CPX_Framework\ScreenShots\failure_screenshots\ExternalEmpView_Page_18-10-2023_04-56-40.png'> <img src='C:\Users\Bindhu\eclipse-workspace\CPX_Framework\ScreenShots\failure_screenshots\ExternalEmpView_Page_18-10-2023_04-56-40.png' height='100' width='100'/> </a>]]>
  </system-out>
  <testcase classname="TestCases_India.India_OnBench_Cand" name="OB_EmpModule_Page" time="130.571"/>
  <system-out>
    <![CDATA[<a href='C:\Users\Bindhu\eclipse-workspace\CPX_Framework\ScreenShots\Pass_screenshots\OB_EmpModule_Page_18-10-2023_04-54-44.png'> <img src='C:\Users\Bindhu\eclipse-workspace\CPX_Framework\ScreenShots\Pass_screenshots\OB_EmpModule_Page_18-10-2023_04-54-44.png' height='100' width='100'/> </a>]]>
  </system-out>
  <testcase classname="TestCases_India.India_OnBench_Cand" name="CandidatePage" time="0.326"/>
  <system-out>
    <![CDATA[<a href='C:\Users\Bindhu\eclipse-workspace\CPX_Framework\ScreenShots\Pass_screenshots\CandidatePage_18-10-2023_04-47-03.png'> <img src='C:\Users\Bindhu\eclipse-workspace\CPX_Framework\ScreenShots\Pass_screenshots\CandidatePage_18-10-2023_04-47-03.png' height='100' width='100'/> </a>]]>
  </system-out>
  <testcase classname="TestCases_India.India_OnBench_Cand" name="Accept_Offer" time="48.544"/>
  <system-out>
    <![CDATA[<a href='C:\Users\Bindhu\eclipse-workspace\CPX_Framework\ScreenShots\Pass_screenshots\Accept_Offer_18-10-2023_04-55-33.png'> <img src='C:\Users\Bindhu\eclipse-workspace\CPX_Framework\ScreenShots\Pass_screenshots\Accept_Offer_18-10-2023_04-55-33.png' height='100' width='100'/> </a>]]>
  </system-out>
  <testcase classname="TestCases_India.India_OnBench_Cand" name="Submit_NewCand" time="0.260"/>
  <system-out>
    <![CDATA[<a href='C:\Users\Bindhu\eclipse-workspace\CPX_Framework\ScreenShots\Pass_screenshots\Submit_NewCand_18-10-2023_04-47-04.png'> <img src='C:\Users\Bindhu\eclipse-workspace\CPX_Framework\ScreenShots\Pass_screenshots\Submit_NewCand_18-10-2023_04-47-04.png' height='100' width='100'/> </a>]]>
  </system-out>
  <testcase classname="TestCases_India.India_OnBench_Cand" name="CreateEmp_Page" time="11.720">
    <error message="element click intercepted: Element &lt;iframe id=&quot;frmContent&quot; frameborder=&quot;0&quot; style=&quot;width: 100%; height: 100%; display: inline;&quot; src=&quot;/lancesoft-india/Home/MyWorkflows?mnuid=468&amp;amp;mnuItemID=13021&quot; cd_frame_id_=&quot;534c4870071ce0e6b7f2579bff86839a&quot;&gt;...&lt;/iframe&gt; is not clickable at point (886, 183). Other element would receive the click: &lt;th class=&quot;tableDBGridHeader&quot; style=&quot;width: 34%&quot;&gt;...&lt;/th&gt;
  (Session info: chrome=118.0.5993.71)
Build info: version: &#039;3.141.59&#039;, revision: &#039;e82be7d358&#039;, time: &#039;2018-11-14T08:17:03&#039;
System info: host: &#039;DESKTOP-RRGPARO&#039;, ip: &#039;192.168.11.4&#039;, os.name: &#039;Windows 11&#039;, os.arch: &#039;amd64&#039;, os.version: &#039;10.0&#039;, java.version: &#039;20.0.1&#039;
Driver info: org.openqa.selenium.chrome.ChromeDriver
Capabilities {acceptInsecureCerts: false, browserName: chrome, browserVersion: 118.0.5993.71, chrome: {chromedriverVersion: 118.0.5993.70 (e52f33f30b91..., userDataDir: C:\Users\Bindhu\AppData\Loc...}, fedcm:accounts: true, goog:chromeOptions: {debuggerAddress: localhost:55505}, javascriptEnabled: true, networkConnectionEnabled: false, pageLoadStrategy: normal, platform: WINDOWS, platformName: WINDOWS, proxy: Proxy(), setWindowRect: true, strictFileInteractability: false, timeouts: {implicit: 0, pageLoad: 300000, script: 30000}, unhandledPromptBehavior: dismiss and notify, webauthn:extension:credBlob: true, webauthn:extension:largeBlob: true, webauthn:extension:minPinLength: true, webauthn:extension:prf: true, webauthn:virtualAuthenticators: true}
Session ID: 33a4adb52ea83678bc4c287fa757dfb7" type="org.openqa.selenium.ElementClickInterceptedException">
      <![CDATA[org.openqa.selenium.ElementClickInterceptedException: element click intercepted: Element <iframe id="frmContent" frameborder="0" style="width: 100%; height: 100%; display: inline;" src="/lancesoft-india/Home/MyWorkflows?mnuid=468&amp;mnuItemID=13021" cd_frame_id_="534c4870071ce0e6b7f2579bff86839a">...</iframe> is not clickable at point (886, 183). Other element would receive the click: <th class="tableDBGridHeader" style="width: 34%">...</th>
  (Session info: chrome=118.0.5993.71)
Build info: version: '3.141.59', revision: 'e82be7d358', time: '2018-11-14T08:17:03'
System info: host: 'DESKTOP-RRGPARO', ip: '192.168.11.4', os.name: 'Windows 11', os.arch: 'amd64', os.version: '10.0', java.version: '20.0.1'
Driver info: org.openqa.selenium.chrome.ChromeDriver
Capabilities {acceptInsecureCerts: false, browserName: chrome, browserVersion: 118.0.5993.71, chrome: {chromedriverVersion: 118.0.5993.70 (e52f33f30b91..., userDataDir: C:\Users\Bindhu\AppData\Loc...}, fedcm:accounts: true, goog:chromeOptions: {debuggerAddress: localhost:55505}, javascriptEnabled: true, networkConnectionEnabled: false, pageLoadStrategy: normal, platform: WINDOWS, platformName: WINDOWS, proxy: Proxy(), setWindowRect: true, strictFileInteractability: false, timeouts: {implicit: 0, pageLoad: 300000, script: 30000}, unhandledPromptBehavior: dismiss and notify, webauthn:extension:credBlob: true, webauthn:extension:largeBlob: true, webauthn:extension:minPinLength: true, webauthn:extension:prf: true, webauthn:virtualAuthenticators: true}
Session ID: 33a4adb52ea83678bc4c287fa757dfb7
at java.base/jdk.internal.reflect.DirectConstructorHandleAccessor.newInstance(DirectConstructorHandleAccessor.java:67)
at java.base/java.lang.reflect.Constructor.newInstanceWithCaller(Constructor.java:500)
at java.base/java.lang.reflect.Constructor.newInstance(Constructor.java:484)
at org.openqa.selenium.remote.http.W3CHttpResponseCodec.createException(W3CHttpResponseCodec.java:187)
at org.openqa.selenium.remote.http.W3CHttpResponseCodec.decode(W3CHttpResponseCodec.java:122)
at org.openqa.selenium.remote.http.W3CHttpResponseCodec.decode(W3CHttpResponseCodec.java:49)
at org.openqa.selenium.remote.HttpCommandExecutor.execute(HttpCommandExecutor.java:158)
at org.openqa.selenium.remote.service.DriverCommandExecutor.execute(DriverCommandExecutor.java:83)
at org.openqa.selenium.remote.RemoteWebDriver.execute(RemoteWebDriver.java:552)
at org.openqa.selenium.remote.RemoteWebElement.execute(RemoteWebElement.java:285)
at org.openqa.selenium.remote.RemoteWebElement.click(RemoteWebElement.java:84)
at java.base/jdk.internal.reflect.DirectMethodHandleAccessor.invoke(DirectMethodHandleAccessor.java:104)
at java.base/java.lang.reflect.Method.invoke(Method.java:578)
at org.openqa.selenium.support.pagefactory.internal.LocatingElementHandler.invoke(LocatingElementHandler.java:51)
at jdk.proxy2/jdk.proxy2.$Proxy14.click(Unknown Source)
at Page_Objects.Approval_Screens.CreateEmployee_Approval(Approval_Screens.java:351)
at TestCases_India.India_OnBench_Cand.CreateEmp_Page(India_OnBench_Cand.java:152)
at java.base/jdk.internal.reflect.DirectMethodHandleAccessor.invoke(DirectMethodHandleAccessor.java:104)
at java.base/java.lang.reflect.Method.invoke(Method.java:578)
at org.testng.internal.MethodInvocationHelper.invokeMethod(MethodInvocationHelper.java:133)
at org.testng.internal.TestInvoker.invokeMethod(TestInvoker.java:598)
at org.testng.internal.TestInvoker.invokeTestMethod(TestInvoker.java:173)
at org.testng.internal.MethodRunner.runInSequence(MethodRunner.java:46)
at org.testng.internal.TestInvoker$MethodInvocationAgent.invoke(TestInvoker.java:824)
at org.testng.internal.TestInvoker.invokeTestMethods(TestInvoker.java:146)
at org.testng.internal.TestMethodWorker.invokeTestMethods(TestMethodWorker.java:146)
at org.testng.internal.TestMethodWorker.run(TestMethodWorker.java:128)
at java.base/java.util.ArrayList.forEach(ArrayList.java:1511)
at org.testng.TestRunner.privateRun(TestRunner.java:794)
at org.testng.TestRunner.run(TestRunner.java:596)
at org.testng.SuiteRunner.runTest(SuiteRunner.java:377)
at org.testng.SuiteRunner.runSequentially(SuiteRunner.java:371)
at org.testng.SuiteRunner.privateRun(SuiteRunner.java:332)
at org.testng.SuiteRunner.run(SuiteRunner.java:276)
at org.testng.SuiteRunnerWorker.runSuite(SuiteRunnerWorker.java:53)
at org.testng.SuiteRunnerWorker.run(SuiteRunnerWorker.java:96)
at org.testng.TestNG.runSuitesSequentially(TestNG.java:1212)
at org.testng.TestNG.runSuitesLocally(TestNG.java:1134)
at org.testng.TestNG.runSuites(TestNG.java:1063)
at org.testng.TestNG.run(TestNG.java:1031)
at org.testng.remote.AbstractRemoteTestNG.run(AbstractRemoteTestNG.java:115)
at org.testng.remote.RemoteTestNG.initAndRun(RemoteTestNG.java:251)
at org.testng.remote.RemoteTestNG.main(RemoteTestNG.java:77)
]]>
    </error>
  </testcase> <!-- CreateEmp_Page -->
  <system-out>
    <![CDATA[<a href='C:\Users\Bindhu\eclipse-workspace\CPX_Framework\ScreenShots\failure_screenshots\CreateEmp_Page_18-10-2023_04-56-29.png'> <img src='C:\Users\Bindhu\eclipse-workspace\CPX_Framework\ScreenShots\failure_screenshots\CreateEmp_Page_18-10-2023_04-56-29.png' height='100' width='100'/> </a>]]>
  </system-out>
</testsuite> <!-- TestCases_India.India_OnBench_Cand -->
