<?xml version="1.0" encoding="UTF-8"?>
<!-- Generated by org.testng.reporters.JUnitReportReporter -->
<testsuite hostname="DESKTOP-RRGPARO" failures="0" tests="18" name="Testcases_US.US_Clinical_App" time="605.266" errors="5" timestamp="2023-08-15T18:40:42 IST" skipped="0">
  <testcase classname="Testcases_US.US_Clinical_App" name="Clinical_NewEmp" time="20.304"/>
  <system-out>
    <![CDATA[<a href='C:\Users\Bindhu\eclipse-workspace\CPX_Framework\ScreenShots\Pass_screenshots\Clinical_NewEmp_15-08-2023_06-39-07.png'> <img src='C:\Users\Bindhu\eclipse-workspace\CPX_Framework\ScreenShots\Pass_screenshots\Clinical_NewEmp_15-08-2023_06-39-07.png' height='100' width='100'/> </a>]]>
  </system-out>
  <testcase classname="Testcases_US.US_Clinical_App" name="Clinical_NewEmp" time="20.290"/>
  <system-out>
    <![CDATA[<a href='C:\Users\Bindhu\eclipse-workspace\CPX_Framework\ScreenShots\Pass_screenshots\Clinical_NewEmp_15-08-2023_06-36-12.png'> <img src='C:\Users\Bindhu\eclipse-workspace\CPX_Framework\ScreenShots\Pass_screenshots\Clinical_NewEmp_15-08-2023_06-36-12.png' height='100' width='100'/> </a>]]>
  </system-out>
  <testcase classname="Testcases_US.US_Clinical_App" name="Clinical_NewEmp" time="20.806"/>
  <system-out>
    <![CDATA[<a href='C:\Users\Bindhu\eclipse-workspace\CPX_Framework\ScreenShots\Pass_screenshots\Clinical_NewEmp_15-08-2023_06-39-49.png'> <img src='C:\Users\Bindhu\eclipse-workspace\CPX_Framework\ScreenShots\Pass_screenshots\Clinical_NewEmp_15-08-2023_06-39-49.png' height='100' width='100'/> </a>]]>
  </system-out>
  <testcase classname="Testcases_US.US_Clinical_App" name="Clinical_NewEmp" time="4.748">
    <error message="element click intercepted: Element &lt;a href=&quot;#tabOBMiscDocuments&quot; onclick=&quot;TabClicked(this, &#039;/lancesoft/Onboarding/OnboardMiscDocList/5997?OBStatusID=3&amp;amp;SubmitID=170782&#039;)&quot;&gt;...&lt;/a&gt; is not clickable at point (489, 47). Other element would receive the click: &lt;div class=&quot;ui-widget-overlay&quot; style=&quot;width: 1503px; height: 764px; z-index: 1005;&quot;&gt;&lt;/div&gt;
  (Session info: chrome=115.0.5790.171)
Build info: version: &#039;3.141.59&#039;, revision: &#039;e82be7d358&#039;, time: &#039;2018-11-14T08:17:03&#039;
System info: host: &#039;DESKTOP-RRGPARO&#039;, ip: &#039;192.168.239.53&#039;, os.name: &#039;Windows 11&#039;, os.arch: &#039;amd64&#039;, os.version: &#039;10.0&#039;, java.version: &#039;20.0.1&#039;
Driver info: org.openqa.selenium.chrome.ChromeDriver
Capabilities {acceptInsecureCerts: false, browserName: chrome, browserVersion: 115.0.5790.171, chrome: {chromedriverVersion: 114.0.5735.90 (386bc09e8f4f..., userDataDir: C:\Users\Bindhu\AppData\Loc...}, goog:chromeOptions: {debuggerAddress: localhost:51728}, javascriptEnabled: true, networkConnectionEnabled: false, pageLoadStrategy: normal, platform: WINDOWS, platformName: WINDOWS, proxy: Proxy(), setWindowRect: true, strictFileInteractability: false, timeouts: {implicit: 0, pageLoad: 300000, script: 30000}, unhandledPromptBehavior: dismiss and notify, webauthn:extension:credBlob: true, webauthn:extension:largeBlob: true, webauthn:extension:minPinLength: true, webauthn:extension:prf: true, webauthn:virtualAuthenticators: true}
Session ID: 81c5b2f14571daa90ec15944d06bf389" type="org.openqa.selenium.ElementClickInterceptedException">
      <![CDATA[org.openqa.selenium.ElementClickInterceptedException: element click intercepted: Element <a href="#tabOBMiscDocuments" onclick="TabClicked(this, '/lancesoft/Onboarding/OnboardMiscDocList/5997?OBStatusID=3&amp;SubmitID=170782')">...</a> is not clickable at point (489, 47). Other element would receive the click: <div class="ui-widget-overlay" style="width: 1503px; height: 764px; z-index: 1005;"></div>
  (Session info: chrome=115.0.5790.171)
Build info: version: '3.141.59', revision: 'e82be7d358', time: '2018-11-14T08:17:03'
System info: host: 'DESKTOP-RRGPARO', ip: '192.168.239.53', os.name: 'Windows 11', os.arch: 'amd64', os.version: '10.0', java.version: '20.0.1'
Driver info: org.openqa.selenium.chrome.ChromeDriver
Capabilities {acceptInsecureCerts: false, browserName: chrome, browserVersion: 115.0.5790.171, chrome: {chromedriverVersion: 114.0.5735.90 (386bc09e8f4f..., userDataDir: C:\Users\Bindhu\AppData\Loc...}, goog:chromeOptions: {debuggerAddress: localhost:51728}, javascriptEnabled: true, networkConnectionEnabled: false, pageLoadStrategy: normal, platform: WINDOWS, platformName: WINDOWS, proxy: Proxy(), setWindowRect: true, strictFileInteractability: false, timeouts: {implicit: 0, pageLoad: 300000, script: 30000}, unhandledPromptBehavior: dismiss and notify, webauthn:extension:credBlob: true, webauthn:extension:largeBlob: true, webauthn:extension:minPinLength: true, webauthn:extension:prf: true, webauthn:virtualAuthenticators: true}
Session ID: 81c5b2f14571daa90ec15944d06bf389
at java.base/jdk.internal.reflect.DirectConstructorHandleAccessor.newInstance(DirectConstructorHandleAccessor.java:67)
at java.base/java.lang.reflect.Constructor.newInstanceWithCaller(Constructor.java:500)
at java.base/java.lang.reflect.Constructor.newInstance(Constructor.java:484)
at org.openqa.selenium.remote.http.W3CHttpResponseCodec.createException(W3CHttpResponseCodec.java:187)
at org.openqa.selenium.remote.http.W3CHttpResponseCodec.decode(W3CHttpResponseCodec.java:122)
at org.openqa.selenium.remote.http.W3CHttpResponseCodec.decode(W3CHttpResponseCodec.java:49)
at org.openqa.selenium.remote.HttpCommandExecutor.execute(HttpCommandExecutor.java:158)
at org.openqa.selenium.remote.service.DriverCommandExecutor.execute(DriverCommandExecutor.java:83)
at org.openqa.selenium.remote.RemoteWebDriver.execute(RemoteWebDriver.java:552)
at org.openqa.selenium.remote.RemoteWebElement.execute(RemoteWebElement.java:285)
at org.openqa.selenium.remote.RemoteWebElement.click(RemoteWebElement.java:84)
at java.base/jdk.internal.reflect.DirectMethodHandleAccessor.invoke(DirectMethodHandleAccessor.java:104)
at java.base/java.lang.reflect.Method.invoke(Method.java:578)
at org.openqa.selenium.support.pagefactory.internal.LocatingElementHandler.invoke(LocatingElementHandler.java:51)
at jdk.proxy2/jdk.proxy2.$Proxy13.click(Unknown Source)
at Page_Objects.TJCDoc_EmpModule.OB_TJC_Documents(TJCDoc_EmpModule.java:314)
at Testcases_US.US_Clinical_App.Clinical_NewEmp(US_Clinical_App.java:103)
at java.base/jdk.internal.reflect.DirectMethodHandleAccessor.invoke(DirectMethodHandleAccessor.java:104)
at java.base/java.lang.reflect.Method.invoke(Method.java:578)
at org.testng.internal.MethodInvocationHelper.invokeMethod(MethodInvocationHelper.java:133)
at org.testng.internal.TestInvoker.invokeMethod(TestInvoker.java:598)
at org.testng.internal.TestInvoker.invokeTestMethod(TestInvoker.java:173)
at org.testng.internal.MethodRunner.runInSequence(MethodRunner.java:46)
at org.testng.internal.TestInvoker$MethodInvocationAgent.invoke(TestInvoker.java:824)
at org.testng.internal.TestInvoker.invokeTestMethods(TestInvoker.java:146)
at org.testng.internal.TestMethodWorker.invokeTestMethods(TestMethodWorker.java:146)
at org.testng.internal.TestMethodWorker.run(TestMethodWorker.java:128)
at java.base/java.util.ArrayList.forEach(ArrayList.java:1511)
at org.testng.TestRunner.privateRun(TestRunner.java:794)
at org.testng.TestRunner.run(TestRunner.java:596)
at org.testng.SuiteRunner.runTest(SuiteRunner.java:377)
at org.testng.SuiteRunner.runSequentially(SuiteRunner.java:371)
at org.testng.SuiteRunner.privateRun(SuiteRunner.java:332)
at org.testng.SuiteRunner.run(SuiteRunner.java:276)
at org.testng.SuiteRunnerWorker.runSuite(SuiteRunnerWorker.java:53)
at org.testng.SuiteRunnerWorker.run(SuiteRunnerWorker.java:96)
at org.testng.TestNG.runSuitesSequentially(TestNG.java:1212)
at org.testng.TestNG.runSuitesLocally(TestNG.java:1134)
at org.testng.TestNG.runSuites(TestNG.java:1063)
at org.testng.TestNG.run(TestNG.java:1031)
at org.testng.remote.AbstractRemoteTestNG.run(AbstractRemoteTestNG.java:115)
at org.testng.remote.RemoteTestNG.initAndRun(RemoteTestNG.java:251)
at org.testng.remote.RemoteTestNG.main(RemoteTestNG.java:77)
]]>
    </error>
  </testcase> <!-- Clinical_NewEmp -->
  <system-out>
    <![CDATA[<a href='C:\Users\Bindhu\eclipse-workspace\CPX_Framework\ScreenShots\failure_screenshots\Clinical_NewEmp_15-08-2023_06-36-46.png'> <img src='C:\Users\Bindhu\eclipse-workspace\CPX_Framework\ScreenShots\failure_screenshots\Clinical_NewEmp_15-08-2023_06-36-46.png' height='100' width='100'/> </a>]]>
  </system-out>
  <testcase classname="Testcases_US.US_Clinical_App" name="Clinical_NewEmp" time="5.103">
    <error message="element click intercepted: Element &lt;a href=&quot;#tabOBMiscDocuments&quot; onclick=&quot;TabClicked(this, &#039;/lancesoft/Onboarding/OnboardMiscDocList/5997?OBStatusID=3&amp;amp;SubmitID=170782&#039;)&quot;&gt;...&lt;/a&gt; is not clickable at point (489, 47). Other element would receive the click: &lt;div class=&quot;ui-widget-overlay&quot; style=&quot;width: 1503px; height: 936px; z-index: 1015;&quot;&gt;&lt;/div&gt;
  (Session info: chrome=115.0.5790.171)
Build info: version: &#039;3.141.59&#039;, revision: &#039;e82be7d358&#039;, time: &#039;2018-11-14T08:17:03&#039;
System info: host: &#039;DESKTOP-RRGPARO&#039;, ip: &#039;192.168.239.53&#039;, os.name: &#039;Windows 11&#039;, os.arch: &#039;amd64&#039;, os.version: &#039;10.0&#039;, java.version: &#039;20.0.1&#039;
Driver info: org.openqa.selenium.chrome.ChromeDriver
Capabilities {acceptInsecureCerts: false, browserName: chrome, browserVersion: 115.0.5790.171, chrome: {chromedriverVersion: 114.0.5735.90 (386bc09e8f4f..., userDataDir: C:\Users\Bindhu\AppData\Loc...}, goog:chromeOptions: {debuggerAddress: localhost:51728}, javascriptEnabled: true, networkConnectionEnabled: false, pageLoadStrategy: normal, platform: WINDOWS, platformName: WINDOWS, proxy: Proxy(), setWindowRect: true, strictFileInteractability: false, timeouts: {implicit: 0, pageLoad: 300000, script: 30000}, unhandledPromptBehavior: dismiss and notify, webauthn:extension:credBlob: true, webauthn:extension:largeBlob: true, webauthn:extension:minPinLength: true, webauthn:extension:prf: true, webauthn:virtualAuthenticators: true}
Session ID: 81c5b2f14571daa90ec15944d06bf389" type="org.openqa.selenium.ElementClickInterceptedException">
      <![CDATA[org.openqa.selenium.ElementClickInterceptedException: element click intercepted: Element <a href="#tabOBMiscDocuments" onclick="TabClicked(this, '/lancesoft/Onboarding/OnboardMiscDocList/5997?OBStatusID=3&amp;SubmitID=170782')">...</a> is not clickable at point (489, 47). Other element would receive the click: <div class="ui-widget-overlay" style="width: 1503px; height: 936px; z-index: 1015;"></div>
  (Session info: chrome=115.0.5790.171)
Build info: version: '3.141.59', revision: 'e82be7d358', time: '2018-11-14T08:17:03'
System info: host: 'DESKTOP-RRGPARO', ip: '192.168.239.53', os.name: 'Windows 11', os.arch: 'amd64', os.version: '10.0', java.version: '20.0.1'
Driver info: org.openqa.selenium.chrome.ChromeDriver
Capabilities {acceptInsecureCerts: false, browserName: chrome, browserVersion: 115.0.5790.171, chrome: {chromedriverVersion: 114.0.5735.90 (386bc09e8f4f..., userDataDir: C:\Users\Bindhu\AppData\Loc...}, goog:chromeOptions: {debuggerAddress: localhost:51728}, javascriptEnabled: true, networkConnectionEnabled: false, pageLoadStrategy: normal, platform: WINDOWS, platformName: WINDOWS, proxy: Proxy(), setWindowRect: true, strictFileInteractability: false, timeouts: {implicit: 0, pageLoad: 300000, script: 30000}, unhandledPromptBehavior: dismiss and notify, webauthn:extension:credBlob: true, webauthn:extension:largeBlob: true, webauthn:extension:minPinLength: true, webauthn:extension:prf: true, webauthn:virtualAuthenticators: true}
Session ID: 81c5b2f14571daa90ec15944d06bf389
at java.base/jdk.internal.reflect.DirectConstructorHandleAccessor.newInstance(DirectConstructorHandleAccessor.java:67)
at java.base/java.lang.reflect.Constructor.newInstanceWithCaller(Constructor.java:500)
at java.base/java.lang.reflect.Constructor.newInstance(Constructor.java:484)
at org.openqa.selenium.remote.http.W3CHttpResponseCodec.createException(W3CHttpResponseCodec.java:187)
at org.openqa.selenium.remote.http.W3CHttpResponseCodec.decode(W3CHttpResponseCodec.java:122)
at org.openqa.selenium.remote.http.W3CHttpResponseCodec.decode(W3CHttpResponseCodec.java:49)
at org.openqa.selenium.remote.HttpCommandExecutor.execute(HttpCommandExecutor.java:158)
at org.openqa.selenium.remote.service.DriverCommandExecutor.execute(DriverCommandExecutor.java:83)
at org.openqa.selenium.remote.RemoteWebDriver.execute(RemoteWebDriver.java:552)
at org.openqa.selenium.remote.RemoteWebElement.execute(RemoteWebElement.java:285)
at org.openqa.selenium.remote.RemoteWebElement.click(RemoteWebElement.java:84)
at java.base/jdk.internal.reflect.DirectMethodHandleAccessor.invoke(DirectMethodHandleAccessor.java:104)
at java.base/java.lang.reflect.Method.invoke(Method.java:578)
at org.openqa.selenium.support.pagefactory.internal.LocatingElementHandler.invoke(LocatingElementHandler.java:51)
at jdk.proxy2/jdk.proxy2.$Proxy13.click(Unknown Source)
at Page_Objects.TJCDoc_EmpModule.OB_TJC_Documents(TJCDoc_EmpModule.java:314)
at Testcases_US.US_Clinical_App.Clinical_NewEmp(US_Clinical_App.java:103)
at java.base/jdk.internal.reflect.DirectMethodHandleAccessor.invoke(DirectMethodHandleAccessor.java:104)
at java.base/java.lang.reflect.Method.invoke(Method.java:578)
at org.testng.internal.MethodInvocationHelper.invokeMethod(MethodInvocationHelper.java:133)
at org.testng.internal.TestInvoker.invokeMethod(TestInvoker.java:598)
at org.testng.internal.TestInvoker.invokeTestMethod(TestInvoker.java:173)
at org.testng.internal.MethodRunner.runInSequence(MethodRunner.java:46)
at org.testng.internal.TestInvoker$MethodInvocationAgent.invoke(TestInvoker.java:824)
at org.testng.internal.TestInvoker.invokeTestMethods(TestInvoker.java:146)
at org.testng.internal.TestMethodWorker.invokeTestMethods(TestMethodWorker.java:146)
at org.testng.internal.TestMethodWorker.run(TestMethodWorker.java:128)
at java.base/java.util.ArrayList.forEach(ArrayList.java:1511)
at org.testng.TestRunner.privateRun(TestRunner.java:794)
at org.testng.TestRunner.run(TestRunner.java:596)
at org.testng.SuiteRunner.runTest(SuiteRunner.java:377)
at org.testng.SuiteRunner.runSequentially(SuiteRunner.java:371)
at org.testng.SuiteRunner.privateRun(SuiteRunner.java:332)
at org.testng.SuiteRunner.run(SuiteRunner.java:276)
at org.testng.SuiteRunnerWorker.runSuite(SuiteRunnerWorker.java:53)
at org.testng.SuiteRunnerWorker.run(SuiteRunnerWorker.java:96)
at org.testng.TestNG.runSuitesSequentially(TestNG.java:1212)
at org.testng.TestNG.runSuitesLocally(TestNG.java:1134)
at org.testng.TestNG.runSuites(TestNG.java:1063)
at org.testng.TestNG.run(TestNG.java:1031)
at org.testng.remote.AbstractRemoteTestNG.run(AbstractRemoteTestNG.java:115)
at org.testng.remote.RemoteTestNG.initAndRun(RemoteTestNG.java:251)
at org.testng.remote.RemoteTestNG.main(RemoteTestNG.java:77)
]]>
    </error>
  </testcase> <!-- Clinical_NewEmp -->
  <system-out>
    <![CDATA[<a href='C:\Users\Bindhu\eclipse-workspace\CPX_Framework\ScreenShots\failure_screenshots\Clinical_NewEmp_15-08-2023_06-40-35.png'> <img src='C:\Users\Bindhu\eclipse-workspace\CPX_Framework\ScreenShots\failure_screenshots\Clinical_NewEmp_15-08-2023_06-40-35.png' height='100' width='100'/> </a>]]>
  </system-out>
  <testcase classname="Testcases_US.US_Clinical_App" name="Clinical_NewEmp" time="4.700">
    <error message="element click intercepted: Element &lt;a href=&quot;#tabOBMiscDocuments&quot; onclick=&quot;TabClicked(this, &#039;/lancesoft/Onboarding/OnboardMiscDocList/5997?OBStatusID=3&amp;amp;SubmitID=170782&#039;)&quot;&gt;...&lt;/a&gt; is not clickable at point (489, 47). Other element would receive the click: &lt;div class=&quot;ui-widget-overlay&quot; style=&quot;width: 1503px; height: 936px; z-index: 1015;&quot;&gt;&lt;/div&gt;
  (Session info: chrome=115.0.5790.171)
Build info: version: &#039;3.141.59&#039;, revision: &#039;e82be7d358&#039;, time: &#039;2018-11-14T08:17:03&#039;
System info: host: &#039;DESKTOP-RRGPARO&#039;, ip: &#039;192.168.239.53&#039;, os.name: &#039;Windows 11&#039;, os.arch: &#039;amd64&#039;, os.version: &#039;10.0&#039;, java.version: &#039;20.0.1&#039;
Driver info: org.openqa.selenium.chrome.ChromeDriver
Capabilities {acceptInsecureCerts: false, browserName: chrome, browserVersion: 115.0.5790.171, chrome: {chromedriverVersion: 114.0.5735.90 (386bc09e8f4f..., userDataDir: C:\Users\Bindhu\AppData\Loc...}, goog:chromeOptions: {debuggerAddress: localhost:51728}, javascriptEnabled: true, networkConnectionEnabled: false, pageLoadStrategy: normal, platform: WINDOWS, platformName: WINDOWS, proxy: Proxy(), setWindowRect: true, strictFileInteractability: false, timeouts: {implicit: 0, pageLoad: 300000, script: 30000}, unhandledPromptBehavior: dismiss and notify, webauthn:extension:credBlob: true, webauthn:extension:largeBlob: true, webauthn:extension:minPinLength: true, webauthn:extension:prf: true, webauthn:virtualAuthenticators: true}
Session ID: 81c5b2f14571daa90ec15944d06bf389" type="org.openqa.selenium.ElementClickInterceptedException">
      <![CDATA[org.openqa.selenium.ElementClickInterceptedException: element click intercepted: Element <a href="#tabOBMiscDocuments" onclick="TabClicked(this, '/lancesoft/Onboarding/OnboardMiscDocList/5997?OBStatusID=3&amp;SubmitID=170782')">...</a> is not clickable at point (489, 47). Other element would receive the click: <div class="ui-widget-overlay" style="width: 1503px; height: 936px; z-index: 1015;"></div>
  (Session info: chrome=115.0.5790.171)
Build info: version: '3.141.59', revision: 'e82be7d358', time: '2018-11-14T08:17:03'
System info: host: 'DESKTOP-RRGPARO', ip: '192.168.239.53', os.name: 'Windows 11', os.arch: 'amd64', os.version: '10.0', java.version: '20.0.1'
Driver info: org.openqa.selenium.chrome.ChromeDriver
Capabilities {acceptInsecureCerts: false, browserName: chrome, browserVersion: 115.0.5790.171, chrome: {chromedriverVersion: 114.0.5735.90 (386bc09e8f4f..., userDataDir: C:\Users\Bindhu\AppData\Loc...}, goog:chromeOptions: {debuggerAddress: localhost:51728}, javascriptEnabled: true, networkConnectionEnabled: false, pageLoadStrategy: normal, platform: WINDOWS, platformName: WINDOWS, proxy: Proxy(), setWindowRect: true, strictFileInteractability: false, timeouts: {implicit: 0, pageLoad: 300000, script: 30000}, unhandledPromptBehavior: dismiss and notify, webauthn:extension:credBlob: true, webauthn:extension:largeBlob: true, webauthn:extension:minPinLength: true, webauthn:extension:prf: true, webauthn:virtualAuthenticators: true}
Session ID: 81c5b2f14571daa90ec15944d06bf389
at java.base/jdk.internal.reflect.DirectConstructorHandleAccessor.newInstance(DirectConstructorHandleAccessor.java:67)
at java.base/java.lang.reflect.Constructor.newInstanceWithCaller(Constructor.java:500)
at java.base/java.lang.reflect.Constructor.newInstance(Constructor.java:484)
at org.openqa.selenium.remote.http.W3CHttpResponseCodec.createException(W3CHttpResponseCodec.java:187)
at org.openqa.selenium.remote.http.W3CHttpResponseCodec.decode(W3CHttpResponseCodec.java:122)
at org.openqa.selenium.remote.http.W3CHttpResponseCodec.decode(W3CHttpResponseCodec.java:49)
at org.openqa.selenium.remote.HttpCommandExecutor.execute(HttpCommandExecutor.java:158)
at org.openqa.selenium.remote.service.DriverCommandExecutor.execute(DriverCommandExecutor.java:83)
at org.openqa.selenium.remote.RemoteWebDriver.execute(RemoteWebDriver.java:552)
at org.openqa.selenium.remote.RemoteWebElement.execute(RemoteWebElement.java:285)
at org.openqa.selenium.remote.RemoteWebElement.click(RemoteWebElement.java:84)
at java.base/jdk.internal.reflect.DirectMethodHandleAccessor.invoke(DirectMethodHandleAccessor.java:104)
at java.base/java.lang.reflect.Method.invoke(Method.java:578)
at org.openqa.selenium.support.pagefactory.internal.LocatingElementHandler.invoke(LocatingElementHandler.java:51)
at jdk.proxy2/jdk.proxy2.$Proxy13.click(Unknown Source)
at Page_Objects.TJCDoc_EmpModule.OB_TJC_Documents(TJCDoc_EmpModule.java:314)
at Testcases_US.US_Clinical_App.Clinical_NewEmp(US_Clinical_App.java:103)
at java.base/jdk.internal.reflect.DirectMethodHandleAccessor.invoke(DirectMethodHandleAccessor.java:104)
at java.base/java.lang.reflect.Method.invoke(Method.java:578)
at org.testng.internal.MethodInvocationHelper.invokeMethod(MethodInvocationHelper.java:133)
at org.testng.internal.TestInvoker.invokeMethod(TestInvoker.java:598)
at org.testng.internal.TestInvoker.invokeTestMethod(TestInvoker.java:173)
at org.testng.internal.MethodRunner.runInSequence(MethodRunner.java:46)
at org.testng.internal.TestInvoker$MethodInvocationAgent.invoke(TestInvoker.java:824)
at org.testng.internal.TestInvoker.invokeTestMethods(TestInvoker.java:146)
at org.testng.internal.TestMethodWorker.invokeTestMethods(TestMethodWorker.java:146)
at org.testng.internal.TestMethodWorker.run(TestMethodWorker.java:128)
at java.base/java.util.ArrayList.forEach(ArrayList.java:1511)
at org.testng.TestRunner.privateRun(TestRunner.java:794)
at org.testng.TestRunner.run(TestRunner.java:596)
at org.testng.SuiteRunner.runTest(SuiteRunner.java:377)
at org.testng.SuiteRunner.runSequentially(SuiteRunner.java:371)
at org.testng.SuiteRunner.privateRun(SuiteRunner.java:332)
at org.testng.SuiteRunner.run(SuiteRunner.java:276)
at org.testng.SuiteRunnerWorker.runSuite(SuiteRunnerWorker.java:53)
at org.testng.SuiteRunnerWorker.run(SuiteRunnerWorker.java:96)
at org.testng.TestNG.runSuitesSequentially(TestNG.java:1212)
at org.testng.TestNG.runSuitesLocally(TestNG.java:1134)
at org.testng.TestNG.runSuites(TestNG.java:1063)
at org.testng.TestNG.run(TestNG.java:1031)
at org.testng.remote.AbstractRemoteTestNG.run(AbstractRemoteTestNG.java:115)
at org.testng.remote.RemoteTestNG.initAndRun(RemoteTestNG.java:251)
at org.testng.remote.RemoteTestNG.main(RemoteTestNG.java:77)
]]>
    </error>
  </testcase> <!-- Clinical_NewEmp -->
  <system-out>
    <![CDATA[<a href='C:\Users\Bindhu\eclipse-workspace\CPX_Framework\ScreenShots\failure_screenshots\Clinical_NewEmp_15-08-2023_06-40-40.png'> <img src='C:\Users\Bindhu\eclipse-workspace\CPX_Framework\ScreenShots\failure_screenshots\Clinical_NewEmp_15-08-2023_06-40-40.png' height='100' width='100'/> </a>]]>
  </system-out>
  <testcase classname="Testcases_US.US_Clinical_App" name="Clinical_NewEmp" time="20.371"/>
  <system-out>
    <![CDATA[<a href='C:\Users\Bindhu\eclipse-workspace\CPX_Framework\ScreenShots\Pass_screenshots\Clinical_NewEmp_15-08-2023_06-38-28.png'> <img src='C:\Users\Bindhu\eclipse-workspace\CPX_Framework\ScreenShots\Pass_screenshots\Clinical_NewEmp_15-08-2023_06-38-28.png' height='100' width='100'/> </a>]]>
  </system-out>
  <testcase classname="Testcases_US.US_Clinical_App" name="Clinical_NewEmp" time="321.749"/>
  <system-out>
    <![CDATA[<a href='C:\Users\Bindhu\eclipse-workspace\CPX_Framework\ScreenShots\Pass_screenshots\Clinical_NewEmp_15-08-2023_06-35-51.png'> <img src='C:\Users\Bindhu\eclipse-workspace\CPX_Framework\ScreenShots\Pass_screenshots\Clinical_NewEmp_15-08-2023_06-35-51.png' height='100' width='100'/> </a>]]>
  </system-out>
  <testcase classname="Testcases_US.US_Clinical_App" name="Clinical_NewEmp" time="17.970">
    <error message="stale element reference: stale element not found
  (Session info: chrome=115.0.5790.171)
For documentation on this error, please visit: https://www.seleniumhq.org/exceptions/stale_element_reference.html
Build info: version: &#039;3.141.59&#039;, revision: &#039;e82be7d358&#039;, time: &#039;2018-11-14T08:17:03&#039;
System info: host: &#039;DESKTOP-RRGPARO&#039;, ip: &#039;192.168.239.53&#039;, os.name: &#039;Windows 11&#039;, os.arch: &#039;amd64&#039;, os.version: &#039;10.0&#039;, java.version: &#039;20.0.1&#039;
Driver info: org.openqa.selenium.chrome.ChromeDriver
Capabilities {acceptInsecureCerts: false, browserName: chrome, browserVersion: 115.0.5790.171, chrome: {chromedriverVersion: 114.0.5735.90 (386bc09e8f4f..., userDataDir: C:\Users\Bindhu\AppData\Loc...}, goog:chromeOptions: {debuggerAddress: localhost:51728}, javascriptEnabled: true, networkConnectionEnabled: false, pageLoadStrategy: normal, platform: WINDOWS, platformName: WINDOWS, proxy: Proxy(), setWindowRect: true, strictFileInteractability: false, timeouts: {implicit: 0, pageLoad: 300000, script: 30000}, unhandledPromptBehavior: dismiss and notify, webauthn:extension:credBlob: true, webauthn:extension:largeBlob: true, webauthn:extension:minPinLength: true, webauthn:extension:prf: true, webauthn:virtualAuthenticators: true}
Session ID: 81c5b2f14571daa90ec15944d06bf389" type="org.openqa.selenium.StaleElementReferenceException">
      <![CDATA[org.openqa.selenium.StaleElementReferenceException: stale element reference: stale element not found
  (Session info: chrome=115.0.5790.171)
For documentation on this error, please visit: https://www.seleniumhq.org/exceptions/stale_element_reference.html
Build info: version: '3.141.59', revision: 'e82be7d358', time: '2018-11-14T08:17:03'
System info: host: 'DESKTOP-RRGPARO', ip: '192.168.239.53', os.name: 'Windows 11', os.arch: 'amd64', os.version: '10.0', java.version: '20.0.1'
Driver info: org.openqa.selenium.chrome.ChromeDriver
Capabilities {acceptInsecureCerts: false, browserName: chrome, browserVersion: 115.0.5790.171, chrome: {chromedriverVersion: 114.0.5735.90 (386bc09e8f4f..., userDataDir: C:\Users\Bindhu\AppData\Loc...}, goog:chromeOptions: {debuggerAddress: localhost:51728}, javascriptEnabled: true, networkConnectionEnabled: false, pageLoadStrategy: normal, platform: WINDOWS, platformName: WINDOWS, proxy: Proxy(), setWindowRect: true, strictFileInteractability: false, timeouts: {implicit: 0, pageLoad: 300000, script: 30000}, unhandledPromptBehavior: dismiss and notify, webauthn:extension:credBlob: true, webauthn:extension:largeBlob: true, webauthn:extension:minPinLength: true, webauthn:extension:prf: true, webauthn:virtualAuthenticators: true}
Session ID: 81c5b2f14571daa90ec15944d06bf389
at java.base/jdk.internal.reflect.DirectConstructorHandleAccessor.newInstance(DirectConstructorHandleAccessor.java:67)
at java.base/java.lang.reflect.Constructor.newInstanceWithCaller(Constructor.java:500)
at java.base/java.lang.reflect.Constructor.newInstance(Constructor.java:484)
at org.openqa.selenium.remote.http.W3CHttpResponseCodec.createException(W3CHttpResponseCodec.java:187)
at org.openqa.selenium.remote.http.W3CHttpResponseCodec.decode(W3CHttpResponseCodec.java:122)
at org.openqa.selenium.remote.http.W3CHttpResponseCodec.decode(W3CHttpResponseCodec.java:49)
at org.openqa.selenium.remote.HttpCommandExecutor.execute(HttpCommandExecutor.java:158)
at org.openqa.selenium.remote.service.DriverCommandExecutor.execute(DriverCommandExecutor.java:83)
at org.openqa.selenium.remote.RemoteWebDriver.execute(RemoteWebDriver.java:552)
at org.openqa.selenium.remote.RemoteWebElement.execute(RemoteWebElement.java:285)
at org.openqa.selenium.remote.RemoteWebElement.click(RemoteWebElement.java:84)
at Page_Objects.TJCDoc_EmpModule.OB_TJC_Documents(TJCDoc_EmpModule.java:454)
at Testcases_US.US_Clinical_App.Clinical_NewEmp(US_Clinical_App.java:103)
at java.base/jdk.internal.reflect.DirectMethodHandleAccessor.invoke(DirectMethodHandleAccessor.java:104)
at java.base/java.lang.reflect.Method.invoke(Method.java:578)
at org.testng.internal.MethodInvocationHelper.invokeMethod(MethodInvocationHelper.java:133)
at org.testng.internal.TestInvoker.invokeMethod(TestInvoker.java:598)
at org.testng.internal.TestInvoker.invokeTestMethod(TestInvoker.java:173)
at org.testng.internal.MethodRunner.runInSequence(MethodRunner.java:46)
at org.testng.internal.TestInvoker$MethodInvocationAgent.invoke(TestInvoker.java:824)
at org.testng.internal.TestInvoker.invokeTestMethods(TestInvoker.java:146)
at org.testng.internal.TestMethodWorker.invokeTestMethods(TestMethodWorker.java:146)
at org.testng.internal.TestMethodWorker.run(TestMethodWorker.java:128)
at java.base/java.util.ArrayList.forEach(ArrayList.java:1511)
at org.testng.TestRunner.privateRun(TestRunner.java:794)
at org.testng.TestRunner.run(TestRunner.java:596)
at org.testng.SuiteRunner.runTest(SuiteRunner.java:377)
at org.testng.SuiteRunner.runSequentially(SuiteRunner.java:371)
at org.testng.SuiteRunner.privateRun(SuiteRunner.java:332)
at org.testng.SuiteRunner.run(SuiteRunner.java:276)
at org.testng.SuiteRunnerWorker.runSuite(SuiteRunnerWorker.java:53)
at org.testng.SuiteRunnerWorker.run(SuiteRunnerWorker.java:96)
at org.testng.TestNG.runSuitesSequentially(TestNG.java:1212)
at org.testng.TestNG.runSuitesLocally(TestNG.java:1134)
at org.testng.TestNG.runSuites(TestNG.java:1063)
at org.testng.TestNG.run(TestNG.java:1031)
at org.testng.remote.AbstractRemoteTestNG.run(AbstractRemoteTestNG.java:115)
at org.testng.remote.RemoteTestNG.initAndRun(RemoteTestNG.java:251)
at org.testng.remote.RemoteTestNG.main(RemoteTestNG.java:77)
]]>
    </error>
  </testcase> <!-- Clinical_NewEmp -->
  <system-out>
    <![CDATA[<a href='C:\Users\Bindhu\eclipse-workspace\CPX_Framework\ScreenShots\failure_screenshots\Clinical_NewEmp_15-08-2023_06-38-47.png'> <img src='C:\Users\Bindhu\eclipse-workspace\CPX_Framework\ScreenShots\failure_screenshots\Clinical_NewEmp_15-08-2023_06-38-47.png' height='100' width='100'/> </a>]]>
  </system-out>
  <testcase classname="Testcases_US.US_Clinical_App" name="Clinical_NewEmp" time="20.273"/>
  <system-out>
    <![CDATA[<a href='C:\Users\Bindhu\eclipse-workspace\CPX_Framework\ScreenShots\Pass_screenshots\Clinical_NewEmp_15-08-2023_06-37-06.png'> <img src='C:\Users\Bindhu\eclipse-workspace\CPX_Framework\ScreenShots\Pass_screenshots\Clinical_NewEmp_15-08-2023_06-37-06.png' height='100' width='100'/> </a>]]>
  </system-out>
  <testcase classname="Testcases_US.US_Clinical_App" name="Clinical_NewEmp" time="23.409"/>
  <system-out>
    <![CDATA[<a href='C:\Users\Bindhu\eclipse-workspace\CPX_Framework\ScreenShots\Pass_screenshots\Clinical_NewEmp_15-08-2023_06-36-41.png'> <img src='C:\Users\Bindhu\eclipse-workspace\CPX_Framework\ScreenShots\Pass_screenshots\Clinical_NewEmp_15-08-2023_06-36-41.png' height='100' width='100'/> </a>]]>
  </system-out>
  <testcase classname="Testcases_US.US_Clinical_App" name="Clinical_NewEmp" time="20.084"/>
  <system-out>
    <![CDATA[<a href='C:\Users\Bindhu\eclipse-workspace\CPX_Framework\ScreenShots\Pass_screenshots\Clinical_NewEmp_15-08-2023_06-39-28.png'> <img src='C:\Users\Bindhu\eclipse-workspace\CPX_Framework\ScreenShots\Pass_screenshots\Clinical_NewEmp_15-08-2023_06-39-28.png' height='100' width='100'/> </a>]]>
  </system-out>
  <testcase classname="Testcases_US.US_Clinical_App" name="Clinical_NewEmp" time="20.284"/>
  <system-out>
    <![CDATA[<a href='C:\Users\Bindhu\eclipse-workspace\CPX_Framework\ScreenShots\Pass_screenshots\Clinical_NewEmp_15-08-2023_06-38-08.png'> <img src='C:\Users\Bindhu\eclipse-workspace\CPX_Framework\ScreenShots\Pass_screenshots\Clinical_NewEmp_15-08-2023_06-38-08.png' height='100' width='100'/> </a>]]>
  </system-out>
  <testcase classname="Testcases_US.US_Clinical_App" name="Clinical_NewEmp" time="19.493"/>
  <system-out>
    <![CDATA[<a href='C:\Users\Bindhu\eclipse-workspace\CPX_Framework\ScreenShots\Pass_screenshots\Clinical_NewEmp_15-08-2023_06-37-26.png'> <img src='C:\Users\Bindhu\eclipse-workspace\CPX_Framework\ScreenShots\Pass_screenshots\Clinical_NewEmp_15-08-2023_06-37-26.png' height='100' width='100'/> </a>]]>
  </system-out>
  <testcase classname="Testcases_US.US_Clinical_App" name="Clinical_NewEmp" time="20.509"/>
  <system-out>
    <![CDATA[<a href='C:\Users\Bindhu\eclipse-workspace\CPX_Framework\ScreenShots\Pass_screenshots\Clinical_NewEmp_15-08-2023_06-37-47.png'> <img src='C:\Users\Bindhu\eclipse-workspace\CPX_Framework\ScreenShots\Pass_screenshots\Clinical_NewEmp_15-08-2023_06-37-47.png' height='100' width='100'/> </a>]]>
  </system-out>
  <testcase classname="Testcases_US.US_Clinical_App" name="Clinical_NewEmp" time="5.053">
    <error message="element click intercepted: Element &lt;a href=&quot;#tabOBMiscDocuments&quot; onclick=&quot;TabClicked(this, &#039;/lancesoft/Onboarding/OnboardMiscDocList/5997?OBStatusID=3&amp;amp;SubmitID=170782&#039;)&quot;&gt;...&lt;/a&gt; is not clickable at point (489, 47). Other element would receive the click: &lt;div class=&quot;ui-widget-overlay&quot; style=&quot;width: 1503px; height: 764px; z-index: 1003;&quot;&gt;&lt;/div&gt;
  (Session info: chrome=115.0.5790.171)
Build info: version: &#039;3.141.59&#039;, revision: &#039;e82be7d358&#039;, time: &#039;2018-11-14T08:17:03&#039;
System info: host: &#039;DESKTOP-RRGPARO&#039;, ip: &#039;192.168.239.53&#039;, os.name: &#039;Windows 11&#039;, os.arch: &#039;amd64&#039;, os.version: &#039;10.0&#039;, java.version: &#039;20.0.1&#039;
Driver info: org.openqa.selenium.chrome.ChromeDriver
Capabilities {acceptInsecureCerts: false, browserName: chrome, browserVersion: 115.0.5790.171, chrome: {chromedriverVersion: 114.0.5735.90 (386bc09e8f4f..., userDataDir: C:\Users\Bindhu\AppData\Loc...}, goog:chromeOptions: {debuggerAddress: localhost:51728}, javascriptEnabled: true, networkConnectionEnabled: false, pageLoadStrategy: normal, platform: WINDOWS, platformName: WINDOWS, proxy: Proxy(), setWindowRect: true, strictFileInteractability: false, timeouts: {implicit: 0, pageLoad: 300000, script: 30000}, unhandledPromptBehavior: dismiss and notify, webauthn:extension:credBlob: true, webauthn:extension:largeBlob: true, webauthn:extension:minPinLength: true, webauthn:extension:prf: true, webauthn:virtualAuthenticators: true}
Session ID: 81c5b2f14571daa90ec15944d06bf389" type="org.openqa.selenium.ElementClickInterceptedException">
      <![CDATA[org.openqa.selenium.ElementClickInterceptedException: element click intercepted: Element <a href="#tabOBMiscDocuments" onclick="TabClicked(this, '/lancesoft/Onboarding/OnboardMiscDocList/5997?OBStatusID=3&amp;SubmitID=170782')">...</a> is not clickable at point (489, 47). Other element would receive the click: <div class="ui-widget-overlay" style="width: 1503px; height: 764px; z-index: 1003;"></div>
  (Session info: chrome=115.0.5790.171)
Build info: version: '3.141.59', revision: 'e82be7d358', time: '2018-11-14T08:17:03'
System info: host: 'DESKTOP-RRGPARO', ip: '192.168.239.53', os.name: 'Windows 11', os.arch: 'amd64', os.version: '10.0', java.version: '20.0.1'
Driver info: org.openqa.selenium.chrome.ChromeDriver
Capabilities {acceptInsecureCerts: false, browserName: chrome, browserVersion: 115.0.5790.171, chrome: {chromedriverVersion: 114.0.5735.90 (386bc09e8f4f..., userDataDir: C:\Users\Bindhu\AppData\Loc...}, goog:chromeOptions: {debuggerAddress: localhost:51728}, javascriptEnabled: true, networkConnectionEnabled: false, pageLoadStrategy: normal, platform: WINDOWS, platformName: WINDOWS, proxy: Proxy(), setWindowRect: true, strictFileInteractability: false, timeouts: {implicit: 0, pageLoad: 300000, script: 30000}, unhandledPromptBehavior: dismiss and notify, webauthn:extension:credBlob: true, webauthn:extension:largeBlob: true, webauthn:extension:minPinLength: true, webauthn:extension:prf: true, webauthn:virtualAuthenticators: true}
Session ID: 81c5b2f14571daa90ec15944d06bf389
at java.base/jdk.internal.reflect.DirectConstructorHandleAccessor.newInstance(DirectConstructorHandleAccessor.java:67)
at java.base/java.lang.reflect.Constructor.newInstanceWithCaller(Constructor.java:500)
at java.base/java.lang.reflect.Constructor.newInstance(Constructor.java:484)
at org.openqa.selenium.remote.http.W3CHttpResponseCodec.createException(W3CHttpResponseCodec.java:187)
at org.openqa.selenium.remote.http.W3CHttpResponseCodec.decode(W3CHttpResponseCodec.java:122)
at org.openqa.selenium.remote.http.W3CHttpResponseCodec.decode(W3CHttpResponseCodec.java:49)
at org.openqa.selenium.remote.HttpCommandExecutor.execute(HttpCommandExecutor.java:158)
at org.openqa.selenium.remote.service.DriverCommandExecutor.execute(DriverCommandExecutor.java:83)
at org.openqa.selenium.remote.RemoteWebDriver.execute(RemoteWebDriver.java:552)
at org.openqa.selenium.remote.RemoteWebElement.execute(RemoteWebElement.java:285)
at org.openqa.selenium.remote.RemoteWebElement.click(RemoteWebElement.java:84)
at java.base/jdk.internal.reflect.DirectMethodHandleAccessor.invoke(DirectMethodHandleAccessor.java:104)
at java.base/java.lang.reflect.Method.invoke(Method.java:578)
at org.openqa.selenium.support.pagefactory.internal.LocatingElementHandler.invoke(LocatingElementHandler.java:51)
at jdk.proxy2/jdk.proxy2.$Proxy13.click(Unknown Source)
at Page_Objects.TJCDoc_EmpModule.OB_TJC_Documents(TJCDoc_EmpModule.java:314)
at Testcases_US.US_Clinical_App.Clinical_NewEmp(US_Clinical_App.java:103)
at java.base/jdk.internal.reflect.DirectMethodHandleAccessor.invoke(DirectMethodHandleAccessor.java:104)
at java.base/java.lang.reflect.Method.invoke(Method.java:578)
at org.testng.internal.MethodInvocationHelper.invokeMethod(MethodInvocationHelper.java:133)
at org.testng.internal.TestInvoker.invokeMethod(TestInvoker.java:598)
at org.testng.internal.TestInvoker.invokeTestMethod(TestInvoker.java:173)
at org.testng.internal.MethodRunner.runInSequence(MethodRunner.java:46)
at org.testng.internal.TestInvoker$MethodInvocationAgent.invoke(TestInvoker.java:824)
at org.testng.internal.TestInvoker.invokeTestMethods(TestInvoker.java:146)
at org.testng.internal.TestMethodWorker.invokeTestMethods(TestMethodWorker.java:146)
at org.testng.internal.TestMethodWorker.run(TestMethodWorker.java:128)
at java.base/java.util.ArrayList.forEach(ArrayList.java:1511)
at org.testng.TestRunner.privateRun(TestRunner.java:794)
at org.testng.TestRunner.run(TestRunner.java:596)
at org.testng.SuiteRunner.runTest(SuiteRunner.java:377)
at org.testng.SuiteRunner.runSequentially(SuiteRunner.java:371)
at org.testng.SuiteRunner.privateRun(SuiteRunner.java:332)
at org.testng.SuiteRunner.run(SuiteRunner.java:276)
at org.testng.SuiteRunnerWorker.runSuite(SuiteRunnerWorker.java:53)
at org.testng.SuiteRunnerWorker.run(SuiteRunnerWorker.java:96)
at org.testng.TestNG.runSuitesSequentially(TestNG.java:1212)
at org.testng.TestNG.runSuitesLocally(TestNG.java:1134)
at org.testng.TestNG.runSuites(TestNG.java:1063)
at org.testng.TestNG.run(TestNG.java:1031)
at org.testng.remote.AbstractRemoteTestNG.run(AbstractRemoteTestNG.java:115)
at org.testng.remote.RemoteTestNG.initAndRun(RemoteTestNG.java:251)
at org.testng.remote.RemoteTestNG.main(RemoteTestNG.java:77)
]]>
    </error>
  </testcase> <!-- Clinical_NewEmp -->
  <system-out>
    <![CDATA[<a href='C:\Users\Bindhu\eclipse-workspace\CPX_Framework\ScreenShots\failure_screenshots\Clinical_NewEmp_15-08-2023_06-36-17.png'> <img src='C:\Users\Bindhu\eclipse-workspace\CPX_Framework\ScreenShots\failure_screenshots\Clinical_NewEmp_15-08-2023_06-36-17.png' height='100' width='100'/> </a>]]>
  </system-out>
  <testcase classname="Testcases_US.US_Clinical_App" name="Clinical_NewEmp" time="20.171"/>
  <system-out>
    <![CDATA[<a href='C:\Users\Bindhu\eclipse-workspace\CPX_Framework\ScreenShots\Pass_screenshots\Clinical_NewEmp_15-08-2023_06-40-10.png'> <img src='C:\Users\Bindhu\eclipse-workspace\CPX_Framework\ScreenShots\Pass_screenshots\Clinical_NewEmp_15-08-2023_06-40-10.png' height='100' width='100'/> </a>]]>
  </system-out>
  <testcase classname="Testcases_US.US_Clinical_App" name="Clinical_NewEmp" time="19.949"/>
  <system-out>
    <![CDATA[<a href='C:\Users\Bindhu\eclipse-workspace\CPX_Framework\ScreenShots\Pass_screenshots\Clinical_NewEmp_15-08-2023_06-40-30.png'> <img src='C:\Users\Bindhu\eclipse-workspace\CPX_Framework\ScreenShots\Pass_screenshots\Clinical_NewEmp_15-08-2023_06-40-30.png' height='100' width='100'/> </a>]]>
  </system-out>
</testsuite> <!-- Testcases_US.US_Clinical_App -->
